[2026-07-03T20:09:24.814960+00:00] main.ERROR: {"feed":"undefined","operation":"undefined","status":"Cannot set indexer to Update On Schedule mode: Missing required argument $data of Magento\\CatalogSearch\\Model\\Indexer\\Fulltext.","elapsed":"282 ms","pid":"123404","caller":"bin\/magento setup:upgrade"} {"indexer":"catalogsearch_fulltext","exception":"[object] (BadMethodCallException(code: 0): Missing required argument $data of Magento\\CatalogSearch\\Model\\Indexer\\Fulltext. at /var/www/html/test/vendor/magento/framework/ObjectManager/Factory/AbstractFactory.php:264)"} []
[2026-07-03T20:09:40.433009+00:00] main.INFO: {"feed":"salesOrders","operation":"full reindex(legacy)","status":"Initialize","elapsed":"00:00:00 518 ms","pid":"123404","caller":"bin\/magento setup:upgrade"} [] []
[2026-07-03T20:09:40.821286+00:00] main.INFO: {"feed":"salesOrders","operation":"full reindex(legacy)","status":"Creating batch table `sales_data_exporter_orders_index_batches`. Start position: 0","elapsed":"00:00:01 906 ms","pid":"123404","caller":"bin\/magento setup:upgrade"} [] []
[2026-07-03T20:09:41.009557+00:00] main.INFO: {"feed":"salesOrders","operation":"full reindex(legacy)","status":"Batch table `sales_data_exporter_orders_index_batches` created. Total Items: 2, batches: ~0","elapsed":"00:00:01 95 ms","pid":"123404","caller":"bin\/magento setup:upgrade"} [] []
[2026-07-03T20:09:41.010161+00:00] main.INFO: {"feed":"salesOrders","operation":"full reindex(legacy)","status":"start processing `2` items in `1` threads with `100` batch size","elapsed":"00:00:01 95 ms","pid":"123404","caller":"bin\/magento setup:upgrade"} [] []
[2026-07-03T20:09:41.053178+00:00] main.INFO: {"feed":"salesOrders","operation":"full reindex(legacy)","status":"Progress 1\/1, processed 2, synced 0","elapsed":"00:00:01 138 ms","pid":"123404","caller":"bin\/magento setup:upgrade"} [] []
[2026-07-03T20:09:41.076033+00:00] main.INFO: {"feed":"salesOrders","operation":"full reindex(legacy)","status":"Complete","elapsed":"00:00:01 161 ms","pid":"123404","caller":"bin\/magento setup:upgrade"} [] []
[2026-07-03T20:09:41.153698+00:00] main.INFO: {"feed":"salesOrderStatuses","operation":"full reindex(legacy)","status":"Initialize","elapsed":"959 ms","pid":"123404","caller":"bin\/magento setup:upgrade"} [] []
[2026-07-03T20:09:41.532228+00:00] main.INFO: {"feed":"salesOrderStatuses","operation":"full reindex(legacy)","status":"Creating batch table `sales_data_exporter_order_statuses_index_batches`. Start position: ","elapsed":"00:00:00 338 ms","pid":"123404","caller":"bin\/magento setup:upgrade"} [] []
[2026-07-03T20:09:41.738991+00:00] main.INFO: {"feed":"salesOrderStatuses","operation":"full reindex(legacy)","status":"Batch table `sales_data_exporter_order_statuses_index_batches` created. Total Items: 12, batches: ~0","elapsed":"00:00:01 545 ms","pid":"123404","caller":"bin\/magento setup:upgrade"} [] []
[2026-07-03T20:09:41.739835+00:00] main.INFO: {"feed":"salesOrderStatuses","operation":"full reindex(legacy)","status":"start processing `12` items in `1` threads with `100` batch size","elapsed":"00:00:01 546 ms","pid":"123404","caller":"bin\/magento setup:upgrade"} [] []
[2026-07-03T20:09:41.775691+00:00] main.INFO: {"feed":"salesOrderStatuses","operation":"full reindex(legacy)","status":"Progress 1\/1, processed 12, synced 12","elapsed":"00:00:01 581 ms","pid":"123404","caller":"bin\/magento setup:upgrade"} [] []
[2026-07-03T20:09:41.799092+00:00] main.INFO: {"feed":"salesOrderStatuses","operation":"full reindex(legacy)","status":"Complete","elapsed":"00:00:01 605 ms","pid":"123404","caller":"bin\/magento setup:upgrade"} [] []
[2026-07-03T20:09:41.870081+00:00] main.INFO: {"feed":"stores","operation":"full reindex(legacy)","status":"Initialize","elapsed":"392 ms","pid":"123404","caller":"bin\/magento setup:upgrade"} [] []
[2026-07-03T20:09:42.201276+00:00] main.INFO: {"feed":"stores","operation":"full reindex(legacy)","status":"Creating batch table `stores_data_exporter_index_batches`. Start position: 0","elapsed":"723 ms","pid":"123404","caller":"bin\/magento setup:upgrade"} [] []
[2026-07-03T20:09:42.404743+00:00] main.INFO: {"feed":"stores","operation":"full reindex(legacy)","status":"Batch table `stores_data_exporter_index_batches` created. Total Items: 1, batches: ~0","elapsed":"927 ms","pid":"123404","caller":"bin\/magento setup:upgrade"} [] []
[2026-07-03T20:09:42.405134+00:00] main.INFO: {"feed":"stores","operation":"full reindex(legacy)","status":"start processing `1` items in `1` threads with `100` batch size","elapsed":"927 ms","pid":"123404","caller":"bin\/magento setup:upgrade"} [] []
[2026-07-03T20:09:42.442510+00:00] main.INFO: {"feed":"stores","operation":"full reindex(legacy)","status":"Progress 1\/1, processed 1, synced 1","elapsed":"965 ms","pid":"123404","caller":"bin\/magento setup:upgrade"} [] []
[2026-07-03T20:09:42.480976+00:00] main.INFO: {"feed":"stores","operation":"full reindex(legacy)","status":"Complete","elapsed":"00:00:00 3 ms","pid":"123404","caller":"bin\/magento setup:upgrade"} [] []
[2026-07-03T20:20:21.941729+00:00] main.INFO: {"feed":"salesOrders","operation":"full reindex(legacy)","status":"Initialize","elapsed":"535 ms","pid":"129915","caller":"bin\/magento index:reindex"} [] []
[2026-07-03T20:20:22.333219+00:00] main.INFO: {"feed":"salesOrders","operation":"full reindex(legacy)","status":"Creating batch table `sales_data_exporter_orders_index_batches`. Start position: 0","elapsed":"927 ms","pid":"129915","caller":"bin\/magento index:reindex"} [] []
[2026-07-03T20:20:22.532528+00:00] main.INFO: {"feed":"salesOrders","operation":"full reindex(legacy)","status":"Batch table `sales_data_exporter_orders_index_batches` created. Total Items: 4, batches: ~0","elapsed":"00:00:00 126 ms","pid":"129915","caller":"bin\/magento index:reindex"} [] []
[2026-07-03T20:20:22.532852+00:00] main.INFO: {"feed":"salesOrders","operation":"full reindex(legacy)","status":"start processing `4` items in `1` threads with `100` batch size","elapsed":"00:00:00 127 ms","pid":"129915","caller":"bin\/magento index:reindex"} [] []
[2026-07-03T20:20:22.579421+00:00] main.INFO: {"feed":"salesOrders","operation":"full reindex(legacy)","status":"Progress 1\/1, processed 4, synced 0","elapsed":"00:00:00 173 ms","pid":"129915","caller":"bin\/magento index:reindex"} [] []
[2026-07-03T20:20:22.612544+00:00] main.INFO: {"feed":"salesOrders","operation":"full reindex(legacy)","status":"Complete","elapsed":"00:00:00 206 ms","pid":"129915","caller":"bin\/magento index:reindex"} [] []
[2026-07-03T20:20:22.746408+00:00] main.INFO: {"feed":"salesOrderStatuses","operation":"full reindex(legacy)","status":"Initialize","elapsed":"145 ms","pid":"129915","caller":"bin\/magento index:reindex"} [] []
[2026-07-03T20:20:23.175235+00:00] main.INFO: {"feed":"salesOrderStatuses","operation":"full reindex(legacy)","status":"Creating batch table `sales_data_exporter_order_statuses_index_batches`. Start position: ","elapsed":"574 ms","pid":"129915","caller":"bin\/magento index:reindex"} [] []
[2026-07-03T20:20:23.379518+00:00] main.INFO: {"feed":"salesOrderStatuses","operation":"full reindex(legacy)","status":"Batch table `sales_data_exporter_order_statuses_index_batches` created. Total Items: 12, batches: ~0","elapsed":"778 ms","pid":"129915","caller":"bin\/magento index:reindex"} [] []
[2026-07-03T20:20:23.380253+00:00] main.INFO: {"feed":"salesOrderStatuses","operation":"full reindex(legacy)","status":"start processing `12` items in `1` threads with `100` batch size","elapsed":"779 ms","pid":"129915","caller":"bin\/magento index:reindex"} [] []
[2026-07-03T20:20:23.431781+00:00] main.INFO: {"feed":"salesOrderStatuses","operation":"full reindex(legacy)","status":"Progress 1\/1, processed 12, synced 12","elapsed":"830 ms","pid":"129915","caller":"bin\/magento index:reindex"} [] []
[2026-07-03T20:20:23.447995+00:00] main.INFO: {"feed":"salesOrderStatuses","operation":"full reindex(legacy)","status":"Complete","elapsed":"846 ms","pid":"129915","caller":"bin\/magento index:reindex"} [] []
[2026-07-03T20:20:23.513134+00:00] main.INFO: {"feed":"stores","operation":"full reindex(legacy)","status":"Initialize","elapsed":"00:00:00 678 ms","pid":"129915","caller":"bin\/magento index:reindex"} [] []
[2026-07-03T20:20:23.916762+00:00] main.INFO: {"feed":"stores","operation":"full reindex(legacy)","status":"Creating batch table `stores_data_exporter_index_batches`. Start position: 0","elapsed":"00:00:01 82 ms","pid":"129915","caller":"bin\/magento index:reindex"} [] []
[2026-07-03T20:20:24.093792+00:00] main.INFO: {"feed":"stores","operation":"full reindex(legacy)","status":"Batch table `stores_data_exporter_index_batches` created. Total Items: 1, batches: ~0","elapsed":"00:00:01 259 ms","pid":"129915","caller":"bin\/magento index:reindex"} [] []
[2026-07-03T20:20:24.094061+00:00] main.INFO: {"feed":"stores","operation":"full reindex(legacy)","status":"start processing `1` items in `1` threads with `100` batch size","elapsed":"00:00:01 259 ms","pid":"129915","caller":"bin\/magento index:reindex"} [] []
[2026-07-03T20:20:24.134222+00:00] main.INFO: {"feed":"stores","operation":"full reindex(legacy)","status":"Progress 1\/1, processed 1, synced 1","elapsed":"00:00:01 299 ms","pid":"129915","caller":"bin\/magento index:reindex"} [] []
[2026-07-03T20:20:24.146044+00:00] main.INFO: {"feed":"stores","operation":"full reindex(legacy)","status":"Complete","elapsed":"00:00:01 311 ms","pid":"129915","caller":"bin\/magento index:reindex"} [] []
[2026-07-03T20:32:13.157281+00:00] main.ERROR: {"feed":"undefined","operation":"undefined","status":"Cannot set indexer to Update On Schedule mode: Missing required argument $data of Magento\\CatalogSearch\\Model\\Indexer\\Fulltext.","elapsed":"967 ms","pid":"135138","caller":"bin\/magento setup:upgrade"} {"indexer":"catalogsearch_fulltext","exception":"[object] (BadMethodCallException(code: 0): Missing required argument $data of Magento\\CatalogSearch\\Model\\Indexer\\Fulltext. at /var/www/html/test/vendor/magento/framework/ObjectManager/Factory/AbstractFactory.php:264)"} []
[2026-07-03T20:33:03.290985+00:00] main.INFO: {"feed":"salesOrders","operation":"full reindex(legacy)","status":"Initialize","elapsed":"00:00:00 234 ms","pid":"135138","caller":"bin\/magento setup:upgrade"} [] []
[2026-07-03T20:33:03.669987+00:00] main.INFO: {"feed":"salesOrders","operation":"full reindex(legacy)","status":"Creating batch table `sales_data_exporter_orders_index_batches`. Start position: 0","elapsed":"00:00:00 613 ms","pid":"135138","caller":"bin\/magento setup:upgrade"} [] []
[2026-07-03T20:33:03.949256+00:00] main.INFO: {"feed":"salesOrders","operation":"full reindex(legacy)","status":"Batch table `sales_data_exporter_orders_index_batches` created. Total Items: 4, batches: ~0","elapsed":"00:00:01 892 ms","pid":"135138","caller":"bin\/magento setup:upgrade"} [] []
[2026-07-03T20:33:03.949634+00:00] main.INFO: {"feed":"salesOrders","operation":"full reindex(legacy)","status":"start processing `4` items in `1` threads with `100` batch size","elapsed":"00:00:01 893 ms","pid":"135138","caller":"bin\/magento setup:upgrade"} [] []
[2026-07-03T20:33:03.994168+00:00] main.INFO: {"feed":"salesOrders","operation":"full reindex(legacy)","status":"Progress 1\/1, processed 4, synced 0","elapsed":"00:00:01 937 ms","pid":"135138","caller":"bin\/magento setup:upgrade"} [] []
[2026-07-03T20:33:04.013452+00:00] main.INFO: {"feed":"salesOrders","operation":"full reindex(legacy)","status":"Complete","elapsed":"00:00:01 956 ms","pid":"135138","caller":"bin\/magento setup:upgrade"} [] []
[2026-07-03T20:33:04.089063+00:00] main.INFO: {"feed":"salesOrderStatuses","operation":"full reindex(legacy)","status":"Initialize","elapsed":"830 ms","pid":"135138","caller":"bin\/magento setup:upgrade"} [] []
[2026-07-03T20:33:04.419422+00:00] main.INFO: {"feed":"salesOrderStatuses","operation":"full reindex(legacy)","status":"Creating batch table `sales_data_exporter_order_statuses_index_batches`. Start position: ","elapsed":"00:00:00 161 ms","pid":"135138","caller":"bin\/magento setup:upgrade"} [] []
[2026-07-03T20:33:04.625548+00:00] main.INFO: {"feed":"salesOrderStatuses","operation":"full reindex(legacy)","status":"Batch table `sales_data_exporter_order_statuses_index_batches` created. Total Items: 12, batches: ~0","elapsed":"00:00:00 367 ms","pid":"135138","caller":"bin\/magento setup:upgrade"} [] []
[2026-07-03T20:33:04.625913+00:00] main.INFO: {"feed":"salesOrderStatuses","operation":"full reindex(legacy)","status":"start processing `12` items in `1` threads with `100` batch size","elapsed":"00:00:00 367 ms","pid":"135138","caller":"bin\/magento setup:upgrade"} [] []
[2026-07-03T20:33:04.664652+00:00] main.INFO: {"feed":"salesOrderStatuses","operation":"full reindex(legacy)","status":"Progress 1\/1, processed 12, synced 12","elapsed":"00:00:00 406 ms","pid":"135138","caller":"bin\/magento setup:upgrade"} [] []
[2026-07-03T20:33:04.681422+00:00] main.INFO: {"feed":"salesOrderStatuses","operation":"full reindex(legacy)","status":"Complete","elapsed":"00:00:01 423 ms","pid":"135138","caller":"bin\/magento setup:upgrade"} [] []
[2026-07-03T20:33:04.761327+00:00] main.INFO: {"feed":"stores","operation":"full reindex(legacy)","status":"Initialize","elapsed":"175 ms","pid":"135138","caller":"bin\/magento setup:upgrade"} [] []
[2026-07-03T20:33:05.128715+00:00] main.INFO: {"feed":"stores","operation":"full reindex(legacy)","status":"Creating batch table `stores_data_exporter_index_batches`. Start position: 0","elapsed":"542 ms","pid":"135138","caller":"bin\/magento setup:upgrade"} [] []
[2026-07-03T20:33:05.324282+00:00] main.INFO: {"feed":"stores","operation":"full reindex(legacy)","status":"Batch table `stores_data_exporter_index_batches` created. Total Items: 1, batches: ~0","elapsed":"738 ms","pid":"135138","caller":"bin\/magento setup:upgrade"} [] []
[2026-07-03T20:33:05.324606+00:00] main.INFO: {"feed":"stores","operation":"full reindex(legacy)","status":"start processing `1` items in `1` threads with `100` batch size","elapsed":"738 ms","pid":"135138","caller":"bin\/magento setup:upgrade"} [] []
[2026-07-03T20:33:05.362517+00:00] main.INFO: {"feed":"stores","operation":"full reindex(legacy)","status":"Progress 1\/1, processed 1, synced 1","elapsed":"776 ms","pid":"135138","caller":"bin\/magento setup:upgrade"} [] []
[2026-07-03T20:33:05.381121+00:00] main.INFO: {"feed":"stores","operation":"full reindex(legacy)","status":"Complete","elapsed":"794 ms","pid":"135138","caller":"bin\/magento setup:upgrade"} [] []
[2026-07-03T20:36:10.953739+00:00] main.INFO: {"feed":"salesOrders","operation":"full reindex(legacy)","status":"Initialize","elapsed":"559 ms","pid":"137554","caller":"bin\/magento index:reindex"} [] []
[2026-07-03T20:36:11.568715+00:00] main.INFO: {"feed":"salesOrders","operation":"full reindex(legacy)","status":"Creating batch table `sales_data_exporter_orders_index_batches`. Start position: 0","elapsed":"00:00:00 174 ms","pid":"137554","caller":"bin\/magento index:reindex"} [] []
[2026-07-03T20:36:11.770899+00:00] main.INFO: {"feed":"salesOrders","operation":"full reindex(legacy)","status":"Batch table `sales_data_exporter_orders_index_batches` created. Total Items: 4, batches: ~0","elapsed":"00:00:01 377 ms","pid":"137554","caller":"bin\/magento index:reindex"} [] []
[2026-07-03T20:36:11.771198+00:00] main.INFO: {"feed":"salesOrders","operation":"full reindex(legacy)","status":"start processing `4` items in `1` threads with `100` batch size","elapsed":"00:00:01 377 ms","pid":"137554","caller":"bin\/magento index:reindex"} [] []
[2026-07-03T20:36:11.817065+00:00] main.INFO: {"feed":"salesOrders","operation":"full reindex(legacy)","status":"Progress 1\/1, processed 4, synced 0","elapsed":"00:00:01 423 ms","pid":"137554","caller":"bin\/magento index:reindex"} [] []
[2026-07-03T20:36:11.837989+00:00] main.INFO: {"feed":"salesOrders","operation":"full reindex(legacy)","status":"Complete","elapsed":"00:00:01 444 ms","pid":"137554","caller":"bin\/magento index:reindex"} [] []
[2026-07-03T20:36:11.959696+00:00] main.INFO: {"feed":"salesOrderStatuses","operation":"full reindex(legacy)","status":"Initialize","elapsed":"572 ms","pid":"137554","caller":"bin\/magento index:reindex"} [] []
[2026-07-03T20:36:12.288054+00:00] main.INFO: {"feed":"salesOrderStatuses","operation":"full reindex(legacy)","status":"Creating batch table `sales_data_exporter_order_statuses_index_batches`. Start position: ","elapsed":"900 ms","pid":"137554","caller":"bin\/magento index:reindex"} [] []
[2026-07-03T20:36:12.474733+00:00] main.INFO: {"feed":"salesOrderStatuses","operation":"full reindex(legacy)","status":"Batch table `sales_data_exporter_order_statuses_index_batches` created. Total Items: 12, batches: ~0","elapsed":"00:00:00 87 ms","pid":"137554","caller":"bin\/magento index:reindex"} [] []
[2026-07-03T20:36:12.474961+00:00] main.INFO: {"feed":"salesOrderStatuses","operation":"full reindex(legacy)","status":"start processing `12` items in `1` threads with `100` batch size","elapsed":"00:00:00 87 ms","pid":"137554","caller":"bin\/magento index:reindex"} [] []
[2026-07-03T20:36:12.511528+00:00] main.INFO: {"feed":"salesOrderStatuses","operation":"full reindex(legacy)","status":"Progress 1\/1, processed 12, synced 12","elapsed":"00:00:00 123 ms","pid":"137554","caller":"bin\/magento index:reindex"} [] []
[2026-07-03T20:36:12.529764+00:00] main.INFO: {"feed":"salesOrderStatuses","operation":"full reindex(legacy)","status":"Complete","elapsed":"00:00:00 142 ms","pid":"137554","caller":"bin\/magento index:reindex"} [] []
[2026-07-03T20:36:12.598791+00:00] main.INFO: {"feed":"stores","operation":"full reindex(legacy)","status":"Initialize","elapsed":"00:00:00 850 ms","pid":"137554","caller":"bin\/magento index:reindex"} [] []
[2026-07-03T20:36:12.969744+00:00] main.INFO: {"feed":"stores","operation":"full reindex(legacy)","status":"Creating batch table `stores_data_exporter_index_batches`. Start position: 0","elapsed":"00:00:01 221 ms","pid":"137554","caller":"bin\/magento index:reindex"} [] []
[2026-07-03T20:36:13.160226+00:00] main.INFO: {"feed":"stores","operation":"full reindex(legacy)","status":"Batch table `stores_data_exporter_index_batches` created. Total Items: 1, batches: ~0","elapsed":"00:00:01 411 ms","pid":"137554","caller":"bin\/magento index:reindex"} [] []
[2026-07-03T20:36:13.160610+00:00] main.INFO: {"feed":"stores","operation":"full reindex(legacy)","status":"start processing `1` items in `1` threads with `100` batch size","elapsed":"00:00:01 411 ms","pid":"137554","caller":"bin\/magento index:reindex"} [] []
[2026-07-03T20:36:13.200219+00:00] main.INFO: {"feed":"stores","operation":"full reindex(legacy)","status":"Progress 1\/1, processed 1, synced 1","elapsed":"00:00:01 451 ms","pid":"137554","caller":"bin\/magento index:reindex"} [] []
[2026-07-03T20:36:13.215953+00:00] main.INFO: {"feed":"stores","operation":"full reindex(legacy)","status":"Complete","elapsed":"00:00:01 467 ms","pid":"137554","caller":"bin\/magento index:reindex"} [] []
[2026-07-03T20:45:45.428280+00:00] main.ERROR: {"feed":"undefined","operation":"undefined","status":"Cannot set indexer to Update On Schedule mode: Missing required argument $data of Magento\\CatalogSearch\\Model\\Indexer\\Fulltext.","elapsed":"00:00:00 509 ms","pid":"141761","caller":"bin\/magento setup:upgrade"} {"indexer":"catalogsearch_fulltext","exception":"[object] (BadMethodCallException(code: 0): Missing required argument $data of Magento\\CatalogSearch\\Model\\Indexer\\Fulltext. at /var/www/html/test/vendor/magento/framework/ObjectManager/Factory/AbstractFactory.php:264)"} []
[2026-07-03T20:46:35.469722+00:00] main.INFO: {"feed":"salesOrders","operation":"full reindex(legacy)","status":"Initialize","elapsed":"00:00:00 591 ms","pid":"141761","caller":"bin\/magento setup:upgrade"} [] []
[2026-07-03T20:46:35.831814+00:00] main.INFO: {"feed":"salesOrders","operation":"full reindex(legacy)","status":"Creating batch table `sales_data_exporter_orders_index_batches`. Start position: 0","elapsed":"00:00:01 954 ms","pid":"141761","caller":"bin\/magento setup:upgrade"} [] []
[2026-07-03T20:46:36.044487+00:00] main.INFO: {"feed":"salesOrders","operation":"full reindex(legacy)","status":"Batch table `sales_data_exporter_orders_index_batches` created. Total Items: 4, batches: ~0","elapsed":"00:00:01 166 ms","pid":"141761","caller":"bin\/magento setup:upgrade"} [] []
[2026-07-03T20:46:36.044961+00:00] main.INFO: {"feed":"salesOrders","operation":"full reindex(legacy)","status":"start processing `4` items in `1` threads with `100` batch size","elapsed":"00:00:01 167 ms","pid":"141761","caller":"bin\/magento setup:upgrade"} [] []
[2026-07-03T20:46:36.092918+00:00] main.INFO: {"feed":"salesOrders","operation":"full reindex(legacy)","status":"Progress 1\/1, processed 4, synced 0","elapsed":"00:00:01 215 ms","pid":"141761","caller":"bin\/magento setup:upgrade"} [] []
[2026-07-03T20:46:36.107527+00:00] main.INFO: {"feed":"salesOrders","operation":"full reindex(legacy)","status":"Complete","elapsed":"00:00:01 229 ms","pid":"141761","caller":"bin\/magento setup:upgrade"} [] []
[2026-07-03T20:46:36.191462+00:00] main.INFO: {"feed":"salesOrderStatuses","operation":"full reindex(legacy)","status":"Initialize","elapsed":"00:00:00 35 ms","pid":"141761","caller":"bin\/magento setup:upgrade"} [] []
[2026-07-03T20:46:36.532382+00:00] main.INFO: {"feed":"salesOrderStatuses","operation":"full reindex(legacy)","status":"Creating batch table `sales_data_exporter_order_statuses_index_batches`. Start position: ","elapsed":"00:00:00 376 ms","pid":"141761","caller":"bin\/magento setup:upgrade"} [] []
[2026-07-03T20:46:36.736390+00:00] main.INFO: {"feed":"salesOrderStatuses","operation":"full reindex(legacy)","status":"Batch table `sales_data_exporter_order_statuses_index_batches` created. Total Items: 12, batches: ~0","elapsed":"00:00:01 580 ms","pid":"141761","caller":"bin\/magento setup:upgrade"} [] []
[2026-07-03T20:46:36.736779+00:00] main.INFO: {"feed":"salesOrderStatuses","operation":"full reindex(legacy)","status":"start processing `12` items in `1` threads with `100` batch size","elapsed":"00:00:01 580 ms","pid":"141761","caller":"bin\/magento setup:upgrade"} [] []
[2026-07-03T20:46:36.780459+00:00] main.INFO: {"feed":"salesOrderStatuses","operation":"full reindex(legacy)","status":"Progress 1\/1, processed 12, synced 12","elapsed":"00:00:01 624 ms","pid":"141761","caller":"bin\/magento setup:upgrade"} [] []
[2026-07-03T20:46:36.794647+00:00] main.INFO: {"feed":"salesOrderStatuses","operation":"full reindex(legacy)","status":"Complete","elapsed":"00:00:01 638 ms","pid":"141761","caller":"bin\/magento setup:upgrade"} [] []
[2026-07-03T20:46:36.862927+00:00] main.INFO: {"feed":"stores","operation":"full reindex(legacy)","status":"Initialize","elapsed":"378 ms","pid":"141761","caller":"bin\/magento setup:upgrade"} [] []
[2026-07-03T20:46:37.227693+00:00] main.INFO: {"feed":"stores","operation":"full reindex(legacy)","status":"Creating batch table `stores_data_exporter_index_batches`. Start position: 0","elapsed":"743 ms","pid":"141761","caller":"bin\/magento setup:upgrade"} [] []
[2026-07-03T20:46:37.421847+00:00] main.INFO: {"feed":"stores","operation":"full reindex(legacy)","status":"Batch table `stores_data_exporter_index_batches` created. Total Items: 1, batches: ~0","elapsed":"937 ms","pid":"141761","caller":"bin\/magento setup:upgrade"} [] []
[2026-07-03T20:46:37.422298+00:00] main.INFO: {"feed":"stores","operation":"full reindex(legacy)","status":"start processing `1` items in `1` threads with `100` batch size","elapsed":"937 ms","pid":"141761","caller":"bin\/magento setup:upgrade"} [] []
[2026-07-03T20:46:37.460666+00:00] main.INFO: {"feed":"stores","operation":"full reindex(legacy)","status":"Progress 1\/1, processed 1, synced 1","elapsed":"976 ms","pid":"141761","caller":"bin\/magento setup:upgrade"} [] []
[2026-07-03T20:46:37.479814+00:00] main.INFO: {"feed":"stores","operation":"full reindex(legacy)","status":"Complete","elapsed":"995 ms","pid":"141761","caller":"bin\/magento setup:upgrade"} [] []
[2026-07-03T20:55:56.446290+00:00] main.ERROR: {"feed":"undefined","operation":"undefined","status":"Cannot set indexer to Update On Schedule mode: Missing required argument $data of Magento\\CatalogSearch\\Model\\Indexer\\Fulltext.","elapsed":"00:00:00 545 ms","pid":"146376","caller":"bin\/magento setup:upgrade"} {"indexer":"catalogsearch_fulltext","exception":"[object] (BadMethodCallException(code: 0): Missing required argument $data of Magento\\CatalogSearch\\Model\\Indexer\\Fulltext. at /var/www/html/test/vendor/magento/framework/ObjectManager/Factory/AbstractFactory.php:264)"} []
[2026-07-03T20:56:47.340992+00:00] main.INFO: {"feed":"salesOrders","operation":"full reindex(legacy)","status":"Initialize","elapsed":"00:00:00 334 ms","pid":"146376","caller":"bin\/magento setup:upgrade"} [] []
[2026-07-03T20:56:47.705489+00:00] main.INFO: {"feed":"salesOrders","operation":"full reindex(legacy)","status":"Creating batch table `sales_data_exporter_orders_index_batches`. Start position: 0","elapsed":"00:00:01 699 ms","pid":"146376","caller":"bin\/magento setup:upgrade"} [] []
[2026-07-03T20:56:47.910519+00:00] main.INFO: {"feed":"salesOrders","operation":"full reindex(legacy)","status":"Batch table `sales_data_exporter_orders_index_batches` created. Total Items: 4, batches: ~0","elapsed":"00:00:01 904 ms","pid":"146376","caller":"bin\/magento setup:upgrade"} [] []
[2026-07-03T20:56:47.911001+00:00] main.INFO: {"feed":"salesOrders","operation":"full reindex(legacy)","status":"start processing `4` items in `1` threads with `100` batch size","elapsed":"00:00:01 904 ms","pid":"146376","caller":"bin\/magento setup:upgrade"} [] []
[2026-07-03T20:56:47.955587+00:00] main.INFO: {"feed":"salesOrders","operation":"full reindex(legacy)","status":"Progress 1\/1, processed 4, synced 0","elapsed":"00:00:01 949 ms","pid":"146376","caller":"bin\/magento setup:upgrade"} [] []
[2026-07-03T20:56:47.979406+00:00] main.INFO: {"feed":"salesOrders","operation":"full reindex(legacy)","status":"Complete","elapsed":"00:00:01 972 ms","pid":"146376","caller":"bin\/magento setup:upgrade"} [] []
[2026-07-03T20:56:48.072849+00:00] main.INFO: {"feed":"salesOrderStatuses","operation":"full reindex(legacy)","status":"Initialize","elapsed":"798 ms","pid":"146376","caller":"bin\/magento setup:upgrade"} [] []
[2026-07-03T20:56:48.403866+00:00] main.INFO: {"feed":"salesOrderStatuses","operation":"full reindex(legacy)","status":"Creating batch table `sales_data_exporter_order_statuses_index_batches`. Start position: ","elapsed":"00:00:00 129 ms","pid":"146376","caller":"bin\/magento setup:upgrade"} [] []
[2026-07-03T20:56:48.612876+00:00] main.INFO: {"feed":"salesOrderStatuses","operation":"full reindex(legacy)","status":"Batch table `sales_data_exporter_order_statuses_index_batches` created. Total Items: 12, batches: ~0","elapsed":"00:00:00 338 ms","pid":"146376","caller":"bin\/magento setup:upgrade"} [] []
[2026-07-03T20:56:48.613423+00:00] main.INFO: {"feed":"salesOrderStatuses","operation":"full reindex(legacy)","status":"start processing `12` items in `1` threads with `100` batch size","elapsed":"00:00:00 338 ms","pid":"146376","caller":"bin\/magento setup:upgrade"} [] []
[2026-07-03T20:56:48.653572+00:00] main.INFO: {"feed":"salesOrderStatuses","operation":"full reindex(legacy)","status":"Progress 1\/1, processed 12, synced 12","elapsed":"00:00:00 378 ms","pid":"146376","caller":"bin\/magento setup:upgrade"} [] []
[2026-07-03T20:56:48.671025+00:00] main.INFO: {"feed":"salesOrderStatuses","operation":"full reindex(legacy)","status":"Complete","elapsed":"00:00:00 396 ms","pid":"146376","caller":"bin\/magento setup:upgrade"} [] []
[2026-07-03T20:56:48.736771+00:00] main.INFO: {"feed":"stores","operation":"full reindex(legacy)","status":"Initialize","elapsed":"126 ms","pid":"146376","caller":"bin\/magento setup:upgrade"} [] []
[2026-07-03T20:56:49.128329+00:00] main.INFO: {"feed":"stores","operation":"full reindex(legacy)","status":"Creating batch table `stores_data_exporter_index_batches`. Start position: 0","elapsed":"517 ms","pid":"146376","caller":"bin\/magento setup:upgrade"} [] []
[2026-07-03T20:56:49.330271+00:00] main.INFO: {"feed":"stores","operation":"full reindex(legacy)","status":"Batch table `stores_data_exporter_index_batches` created. Total Items: 1, batches: ~0","elapsed":"719 ms","pid":"146376","caller":"bin\/magento setup:upgrade"} [] []
[2026-07-03T20:56:49.330725+00:00] main.INFO: {"feed":"stores","operation":"full reindex(legacy)","status":"start processing `1` items in `1` threads with `100` batch size","elapsed":"720 ms","pid":"146376","caller":"bin\/magento setup:upgrade"} [] []
[2026-07-03T20:56:49.367395+00:00] main.INFO: {"feed":"stores","operation":"full reindex(legacy)","status":"Progress 1\/1, processed 1, synced 1","elapsed":"756 ms","pid":"146376","caller":"bin\/magento setup:upgrade"} [] []
[2026-07-03T20:56:49.381718+00:00] main.INFO: {"feed":"stores","operation":"full reindex(legacy)","status":"Complete","elapsed":"771 ms","pid":"146376","caller":"bin\/magento setup:upgrade"} [] []
[2026-07-03T21:27:18.156938+00:00] main.ERROR: {"feed":"undefined","operation":"undefined","status":"Cannot set indexer to Update On Schedule mode: Missing required argument $data of Magento\\CatalogSearch\\Model\\Indexer\\Fulltext.","elapsed":"966 ms","pid":"161151","caller":"bin\/magento setup:upgrade"} {"indexer":"catalogsearch_fulltext","exception":"[object] (BadMethodCallException(code: 0): Missing required argument $data of Magento\\CatalogSearch\\Model\\Indexer\\Fulltext. at /var/www/html/test/vendor/magento/framework/ObjectManager/Factory/AbstractFactory.php:264)"} []
[2026-07-03T21:28:06.566118+00:00] main.INFO: {"feed":"salesOrders","operation":"full reindex(legacy)","status":"Initialize","elapsed":"00:00:00 784 ms","pid":"161151","caller":"bin\/magento setup:upgrade"} [] []
[2026-07-03T21:28:06.899579+00:00] main.INFO: {"feed":"salesOrders","operation":"full reindex(legacy)","status":"Creating batch table `sales_data_exporter_orders_index_batches`. Start position: 0","elapsed":"00:00:01 118 ms","pid":"161151","caller":"bin\/magento setup:upgrade"} [] []
[2026-07-03T21:28:07.103663+00:00] main.INFO: {"feed":"salesOrders","operation":"full reindex(legacy)","status":"Batch table `sales_data_exporter_orders_index_batches` created. Total Items: 4, batches: ~0","elapsed":"00:00:01 322 ms","pid":"161151","caller":"bin\/magento setup:upgrade"} [] []
[2026-07-03T21:28:07.104096+00:00] main.INFO: {"feed":"salesOrders","operation":"full reindex(legacy)","status":"start processing `4` items in `1` threads with `100` batch size","elapsed":"00:00:01 322 ms","pid":"161151","caller":"bin\/magento setup:upgrade"} [] []
[2026-07-03T21:28:07.146972+00:00] main.INFO: {"feed":"salesOrders","operation":"full reindex(legacy)","status":"Progress 1\/1, processed 4, synced 0","elapsed":"00:00:01 365 ms","pid":"161151","caller":"bin\/magento setup:upgrade"} [] []
[2026-07-03T21:28:07.166135+00:00] main.INFO: {"feed":"salesOrders","operation":"full reindex(legacy)","status":"Complete","elapsed":"00:00:01 384 ms","pid":"161151","caller":"bin\/magento setup:upgrade"} [] []
[2026-07-03T21:28:07.246326+00:00] main.INFO: {"feed":"salesOrderStatuses","operation":"full reindex(legacy)","status":"Initialize","elapsed":"00:00:00 145 ms","pid":"161151","caller":"bin\/magento setup:upgrade"} [] []
[2026-07-03T21:28:07.613318+00:00] main.INFO: {"feed":"salesOrderStatuses","operation":"full reindex(legacy)","status":"Creating batch table `sales_data_exporter_order_statuses_index_batches`. Start position: ","elapsed":"00:00:00 512 ms","pid":"161151","caller":"bin\/magento setup:upgrade"} [] []
[2026-07-03T21:28:07.825261+00:00] main.INFO: {"feed":"salesOrderStatuses","operation":"full reindex(legacy)","status":"Batch table `sales_data_exporter_order_statuses_index_batches` created. Total Items: 12, batches: ~0","elapsed":"00:00:01 724 ms","pid":"161151","caller":"bin\/magento setup:upgrade"} [] []
[2026-07-03T21:28:07.825683+00:00] main.INFO: {"feed":"salesOrderStatuses","operation":"full reindex(legacy)","status":"start processing `12` items in `1` threads with `100` batch size","elapsed":"00:00:01 724 ms","pid":"161151","caller":"bin\/magento setup:upgrade"} [] []
[2026-07-03T21:28:07.868311+00:00] main.INFO: {"feed":"salesOrderStatuses","operation":"full reindex(legacy)","status":"Progress 1\/1, processed 12, synced 12","elapsed":"00:00:01 767 ms","pid":"161151","caller":"bin\/magento setup:upgrade"} [] []
[2026-07-03T21:28:07.885355+00:00] main.INFO: {"feed":"salesOrderStatuses","operation":"full reindex(legacy)","status":"Complete","elapsed":"00:00:01 784 ms","pid":"161151","caller":"bin\/magento setup:upgrade"} [] []
[2026-07-03T21:28:07.959683+00:00] main.INFO: {"feed":"stores","operation":"full reindex(legacy)","status":"Initialize","elapsed":"571 ms","pid":"161151","caller":"bin\/magento setup:upgrade"} [] []
[2026-07-03T21:28:08.349563+00:00] main.INFO: {"feed":"stores","operation":"full reindex(legacy)","status":"Creating batch table `stores_data_exporter_index_batches`. Start position: 0","elapsed":"961 ms","pid":"161151","caller":"bin\/magento setup:upgrade"} [] []
[2026-07-03T21:28:08.540694+00:00] main.INFO: {"feed":"stores","operation":"full reindex(legacy)","status":"Batch table `stores_data_exporter_index_batches` created. Total Items: 1, batches: ~0","elapsed":"00:00:00 152 ms","pid":"161151","caller":"bin\/magento setup:upgrade"} [] []
[2026-07-03T21:28:08.541113+00:00] main.INFO: {"feed":"stores","operation":"full reindex(legacy)","status":"start processing `1` items in `1` threads with `100` batch size","elapsed":"00:00:00 153 ms","pid":"161151","caller":"bin\/magento setup:upgrade"} [] []
[2026-07-03T21:28:08.578278+00:00] main.INFO: {"feed":"stores","operation":"full reindex(legacy)","status":"Progress 1\/1, processed 1, synced 1","elapsed":"00:00:00 190 ms","pid":"161151","caller":"bin\/magento setup:upgrade"} [] []
[2026-07-03T21:28:08.595399+00:00] main.INFO: {"feed":"stores","operation":"full reindex(legacy)","status":"Complete","elapsed":"00:00:00 207 ms","pid":"161151","caller":"bin\/magento setup:upgrade"} [] []
[2026-07-04T05:53:27.070994+00:00] main.INFO: {"feed":"salesOrders","operation":"full reindex(legacy)","status":"Initialize","elapsed":"00:00:00 978 ms","pid":"184547","caller":"bin\/magento index:reindex"} [] []
[2026-07-04T05:53:27.638380+00:00] main.INFO: {"feed":"salesOrders","operation":"full reindex(legacy)","status":"Creating batch table `sales_data_exporter_orders_index_batches`. Start position: 0","elapsed":"00:00:01 546 ms","pid":"184547","caller":"bin\/magento index:reindex"} [] []
[2026-07-04T05:53:27.869412+00:00] main.INFO: {"feed":"salesOrders","operation":"full reindex(legacy)","status":"Batch table `sales_data_exporter_orders_index_batches` created. Total Items: 5, batches: ~0","elapsed":"00:00:01 777 ms","pid":"184547","caller":"bin\/magento index:reindex"} [] []
[2026-07-04T05:53:27.870010+00:00] main.INFO: {"feed":"salesOrders","operation":"full reindex(legacy)","status":"start processing `5` items in `1` threads with `100` batch size","elapsed":"00:00:01 777 ms","pid":"184547","caller":"bin\/magento index:reindex"} [] []
[2026-07-04T05:53:27.917695+00:00] main.INFO: {"feed":"salesOrders","operation":"full reindex(legacy)","status":"Progress 1\/1, processed 5, synced 0","elapsed":"00:00:01 825 ms","pid":"184547","caller":"bin\/magento index:reindex"} [] []
[2026-07-04T05:53:27.934999+00:00] main.INFO: {"feed":"salesOrders","operation":"full reindex(legacy)","status":"Complete","elapsed":"00:00:01 842 ms","pid":"184547","caller":"bin\/magento index:reindex"} [] []
[2026-07-04T05:53:28.010589+00:00] main.INFO: {"feed":"salesOrderStatuses","operation":"full reindex(legacy)","status":"Initialize","elapsed":"00:00:00 857 ms","pid":"184547","caller":"bin\/magento index:reindex"} [] []
[2026-07-04T05:53:28.356322+00:00] main.INFO: {"feed":"salesOrderStatuses","operation":"full reindex(legacy)","status":"Creating batch table `sales_data_exporter_order_statuses_index_batches`. Start position: ","elapsed":"00:00:01 203 ms","pid":"184547","caller":"bin\/magento index:reindex"} [] []
[2026-07-04T05:53:28.567823+00:00] main.INFO: {"feed":"salesOrderStatuses","operation":"full reindex(legacy)","status":"Batch table `sales_data_exporter_order_statuses_index_batches` created. Total Items: 12, batches: ~0","elapsed":"00:00:01 415 ms","pid":"184547","caller":"bin\/magento index:reindex"} [] []
[2026-07-04T05:53:28.568290+00:00] main.INFO: {"feed":"salesOrderStatuses","operation":"full reindex(legacy)","status":"start processing `12` items in `1` threads with `100` batch size","elapsed":"00:00:01 415 ms","pid":"184547","caller":"bin\/magento index:reindex"} [] []
[2026-07-04T05:53:28.606567+00:00] main.INFO: {"feed":"salesOrderStatuses","operation":"full reindex(legacy)","status":"Progress 1\/1, processed 12, synced 12","elapsed":"00:00:01 453 ms","pid":"184547","caller":"bin\/magento index:reindex"} [] []
[2026-07-04T05:53:28.624226+00:00] main.INFO: {"feed":"salesOrderStatuses","operation":"full reindex(legacy)","status":"Complete","elapsed":"00:00:01 471 ms","pid":"184547","caller":"bin\/magento index:reindex"} [] []
[2026-07-04T05:53:28.699838+00:00] main.INFO: {"feed":"stores","operation":"full reindex(legacy)","status":"Initialize","elapsed":"00:00:00 236 ms","pid":"184547","caller":"bin\/magento index:reindex"} [] []
[2026-07-04T05:53:29.101319+00:00] main.INFO: {"feed":"stores","operation":"full reindex(legacy)","status":"Creating batch table `stores_data_exporter_index_batches`. Start position: 0","elapsed":"00:00:01 637 ms","pid":"184547","caller":"bin\/magento index:reindex"} [] []
[2026-07-04T05:53:29.299424+00:00] main.INFO: {"feed":"stores","operation":"full reindex(legacy)","status":"Batch table `stores_data_exporter_index_batches` created. Total Items: 1, batches: ~0","elapsed":"00:00:01 835 ms","pid":"184547","caller":"bin\/magento index:reindex"} [] []
[2026-07-04T05:53:29.300011+00:00] main.INFO: {"feed":"stores","operation":"full reindex(legacy)","status":"start processing `1` items in `1` threads with `100` batch size","elapsed":"00:00:01 836 ms","pid":"184547","caller":"bin\/magento index:reindex"} [] []
[2026-07-04T05:53:29.338391+00:00] main.INFO: {"feed":"stores","operation":"full reindex(legacy)","status":"Progress 1\/1, processed 1, synced 1","elapsed":"00:00:01 874 ms","pid":"184547","caller":"bin\/magento index:reindex"} [] []
[2026-07-04T05:53:29.354504+00:00] main.INFO: {"feed":"stores","operation":"full reindex(legacy)","status":"Complete","elapsed":"00:00:01 891 ms","pid":"184547","caller":"bin\/magento index:reindex"} [] []
[2026-07-04T06:08:07.519907+00:00] main.ERROR: {"feed":"undefined","operation":"undefined","status":"Cannot set indexer to Update On Schedule mode: Missing required argument $data of Magento\\CatalogSearch\\Model\\Indexer\\Fulltext.","elapsed":"00:00:00 827 ms","pid":"191163","caller":"bin\/magento setup:upgrade"} {"indexer":"catalogsearch_fulltext","exception":"[object] (BadMethodCallException(code: 0): Missing required argument $data of Magento\\CatalogSearch\\Model\\Indexer\\Fulltext. at /var/www/html/test/vendor/magento/framework/ObjectManager/Factory/AbstractFactory.php:264)"} []
[2026-07-04T06:08:57.373035+00:00] main.INFO: {"feed":"salesOrders","operation":"full reindex(legacy)","status":"Initialize","elapsed":"00:00:00 533 ms","pid":"191163","caller":"bin\/magento setup:upgrade"} [] []
[2026-07-04T06:08:57.725540+00:00] main.INFO: {"feed":"salesOrders","operation":"full reindex(legacy)","status":"Creating batch table `sales_data_exporter_orders_index_batches`. Start position: 0","elapsed":"00:00:01 885 ms","pid":"191163","caller":"bin\/magento setup:upgrade"} [] []
[2026-07-04T06:08:57.925915+00:00] main.INFO: {"feed":"salesOrders","operation":"full reindex(legacy)","status":"Batch table `sales_data_exporter_orders_index_batches` created. Total Items: 5, batches: ~0","elapsed":"00:00:01 86 ms","pid":"191163","caller":"bin\/magento setup:upgrade"} [] []
[2026-07-04T06:08:57.926254+00:00] main.INFO: {"feed":"salesOrders","operation":"full reindex(legacy)","status":"start processing `5` items in `1` threads with `100` batch size","elapsed":"00:00:01 86 ms","pid":"191163","caller":"bin\/magento setup:upgrade"} [] []
[2026-07-04T06:08:57.957478+00:00] main.INFO: {"feed":"salesOrders","operation":"full reindex(legacy)","status":"Progress 1\/1, processed 5, synced 0","elapsed":"00:00:01 117 ms","pid":"191163","caller":"bin\/magento setup:upgrade"} [] []
[2026-07-04T06:08:57.971861+00:00] main.INFO: {"feed":"salesOrders","operation":"full reindex(legacy)","status":"Complete","elapsed":"00:00:01 132 ms","pid":"191163","caller":"bin\/magento setup:upgrade"} [] []
[2026-07-04T06:08:58.035017+00:00] main.INFO: {"feed":"salesOrderStatuses","operation":"full reindex(legacy)","status":"Initialize","elapsed":"857 ms","pid":"191163","caller":"bin\/magento setup:upgrade"} [] []
[2026-07-04T06:08:58.362762+00:00] main.INFO: {"feed":"salesOrderStatuses","operation":"full reindex(legacy)","status":"Creating batch table `sales_data_exporter_order_statuses_index_batches`. Start position: ","elapsed":"00:00:00 185 ms","pid":"191163","caller":"bin\/magento setup:upgrade"} [] []
[2026-07-04T06:08:58.585644+00:00] main.INFO: {"feed":"salesOrderStatuses","operation":"full reindex(legacy)","status":"Batch table `sales_data_exporter_order_statuses_index_batches` created. Total Items: 12, batches: ~0","elapsed":"00:00:00 408 ms","pid":"191163","caller":"bin\/magento setup:upgrade"} [] []
[2026-07-04T06:08:58.585893+00:00] main.INFO: {"feed":"salesOrderStatuses","operation":"full reindex(legacy)","status":"start processing `12` items in `1` threads with `100` batch size","elapsed":"00:00:00 408 ms","pid":"191163","caller":"bin\/magento setup:upgrade"} [] []
[2026-07-04T06:08:58.625132+00:00] main.INFO: {"feed":"salesOrderStatuses","operation":"full reindex(legacy)","status":"Progress 1\/1, processed 12, synced 12","elapsed":"00:00:01 447 ms","pid":"191163","caller":"bin\/magento setup:upgrade"} [] []
[2026-07-04T06:08:58.640903+00:00] main.INFO: {"feed":"salesOrderStatuses","operation":"full reindex(legacy)","status":"Complete","elapsed":"00:00:01 463 ms","pid":"191163","caller":"bin\/magento setup:upgrade"} [] []
[2026-07-04T06:08:58.704855+00:00] main.INFO: {"feed":"stores","operation":"full reindex(legacy)","status":"Initialize","elapsed":"197 ms","pid":"191163","caller":"bin\/magento setup:upgrade"} [] []
[2026-07-04T06:08:59.016395+00:00] main.INFO: {"feed":"stores","operation":"full reindex(legacy)","status":"Creating batch table `stores_data_exporter_index_batches`. Start position: 0","elapsed":"508 ms","pid":"191163","caller":"bin\/magento setup:upgrade"} [] []
[2026-07-04T06:08:59.189157+00:00] main.INFO: {"feed":"stores","operation":"full reindex(legacy)","status":"Batch table `stores_data_exporter_index_batches` created. Total Items: 1, batches: ~0","elapsed":"681 ms","pid":"191163","caller":"bin\/magento setup:upgrade"} [] []
[2026-07-04T06:08:59.189377+00:00] main.INFO: {"feed":"stores","operation":"full reindex(legacy)","status":"start processing `1` items in `1` threads with `100` batch size","elapsed":"681 ms","pid":"191163","caller":"bin\/magento setup:upgrade"} [] []
[2026-07-04T06:08:59.226866+00:00] main.INFO: {"feed":"stores","operation":"full reindex(legacy)","status":"Progress 1\/1, processed 1, synced 1","elapsed":"719 ms","pid":"191163","caller":"bin\/magento setup:upgrade"} [] []
[2026-07-04T06:08:59.242501+00:00] main.INFO: {"feed":"stores","operation":"full reindex(legacy)","status":"Complete","elapsed":"734 ms","pid":"191163","caller":"bin\/magento setup:upgrade"} [] []
