[2026-07-03T20:07:01.372233+00:00] main.CRITICAL: ReflectionException: Class "SVExtensions\RegionPricing\Observer\ApplyRegionalQuotePrice" does not exist in /var/www/html/test/vendor/magento/framework/Code/Reader/ClassReader.php:34
Stack trace:
#0 /var/www/html/test/vendor/magento/framework/Code/Reader/ClassReader.php(34): ReflectionClass->__construct()
#1 /var/www/html/test/vendor/magento/framework/ObjectManager/Definition/Runtime.php(50): Magento\Framework\Code\Reader\ClassReader->getConstructor()
#2 /var/www/html/test/vendor/magento/framework/ObjectManager/Factory/Compiled.php(100): Magento\Framework\ObjectManager\Definition\Runtime->getParameters()
#3 /var/www/html/test/vendor/magento/framework/ObjectManager/ObjectManager.php(73): Magento\Framework\ObjectManager\Factory\Compiled->create()
#4 /var/www/html/test/vendor/magento/framework/Event/ObserverFactory.php(36): Magento\Framework\ObjectManager\ObjectManager->get()
#5 /var/www/html/test/vendor/magento/framework/Event/Invoker/InvokerDefault.php(72): Magento\Framework\Event\ObserverFactory->get()
#6 /var/www/html/test/vendor/magento/framework/Event/Manager.php(65): Magento\Framework\Event\Invoker\InvokerDefault->dispatch()
#7 /var/www/html/test/generated/code/Magento/Framework/Event/Manager/Proxy.php(105): Magento\Framework\Event\Manager->dispatch()
#8 /var/www/html/test/vendor/magento/module-checkout/Model/Cart.php(419): Magento\Framework\Event\Manager\Proxy->dispatch()
#9 /var/www/html/test/vendor/magento/module-checkout/Controller/Cart/Add.php(126): Magento\Checkout\Model\Cart->addProduct()
#10 /var/www/html/test/vendor/magento/framework/Interception/Interceptor.php(58): Magento\Checkout\Controller\Cart\Add->execute()
#11 /var/www/html/test/vendor/magento/framework/Interception/Interceptor.php(138): Magento\Checkout\Controller\Cart\Add\Interceptor->___callParent()
#12 /var/www/html/test/vendor/magento/framework/Interception/Interceptor.php(153): Magento\Checkout\Controller\Cart\Add\Interceptor->Magento\Framework\Interception\{closure}()
#13 /var/www/html/test/generated/code/Magento/Checkout/Controller/Cart/Add/Interceptor.php(23): Magento\Checkout\Controller\Cart\Add\Interceptor->___callPlugins()
#14 /var/www/html/test/vendor/magento/framework/App/Action/Action.php(111): Magento\Checkout\Controller\Cart\Add\Interceptor->execute()
#15 /var/www/html/test/vendor/magento/framework/Interception/Interceptor.php(58): Magento\Framework\App\Action\Action->dispatch()
#16 /var/www/html/test/vendor/magento/framework/Interception/Interceptor.php(138): Magento\Checkout\Controller\Cart\Add\Interceptor->___callParent()
#17 /var/www/html/test/vendor/magento/framework/Interception/Interceptor.php(153): Magento\Checkout\Controller\Cart\Add\Interceptor->Magento\Framework\Interception\{closure}()
#18 /var/www/html/test/generated/code/Magento/Checkout/Controller/Cart/Add/Interceptor.php(32): Magento\Checkout\Controller\Cart\Add\Interceptor->___callPlugins()
#19 /var/www/html/test/vendor/magento/framework/App/FrontController.php(245): Magento\Checkout\Controller\Cart\Add\Interceptor->dispatch()
#20 /var/www/html/test/vendor/magento/framework/App/FrontController.php(212): Magento\Framework\App\FrontController->getActionResponse()
#21 /var/www/html/test/vendor/magento/framework/App/FrontController.php(146): Magento\Framework\App\FrontController->processRequest()
#22 /var/www/html/test/vendor/magento/framework/Interception/Interceptor.php(58): Magento\Framework\App\FrontController->dispatch()
#23 /var/www/html/test/vendor/magento/framework/Interception/Interceptor.php(138): Magento\Framework\App\FrontController\Interceptor->___callParent()
#24 /var/www/html/test/vendor/magento/module-store/App/FrontController/Plugin/RequestPreprocessor.php(99): Magento\Framework\App\FrontController\Interceptor->Magento\Framework\Interception\{closure}()
#25 /var/www/html/test/vendor/magento/framework/Interception/Interceptor.php(135): Magento\Store\App\FrontController\Plugin\RequestPreprocessor->aroundDispatch()
#26 /var/www/html/test/vendor/magento/module-page-cache/Model/App/FrontController/BuiltinPlugin.php(76): Magento\Framework\App\FrontController\Interceptor->Magento\Framework\Interception\{closure}()
#27 /var/www/html/test/vendor/magento/framework/Interception/Interceptor.php(135): Magento\PageCache\Model\App\FrontController\BuiltinPlugin->aroundDispatch()
#28 /var/www/html/test/vendor/magento/framework/Interception/Interceptor.php(153): Magento\Framework\App\FrontController\Interceptor->Magento\Framework\Interception\{closure}()
#29 /var/www/html/test/generated/code/Magento/Framework/App/FrontController/Interceptor.php(23): Magento\Framework\App\FrontController\Interceptor->___callPlugins()
#30 /var/www/html/test/vendor/magento/framework/App/Http.php(116): Magento\Framework\App\FrontController\Interceptor->dispatch()
#31 /var/www/html/test/vendor/magento/framework/Interception/Interceptor.php(58): Magento\Framework\App\Http->launch()
#32 /var/www/html/test/vendor/magento/framework/Interception/Interceptor.php(138): Magento\Framework\App\Http\Interceptor->___callParent()
#33 /var/www/html/test/vendor/magento/module-application-performance-monitor/Plugin/ApplicationPerformanceMonitor.php(38): Magento\Framework\App\Http\Interceptor->Magento\Framework\Interception\{closure}()
#34 /var/www/html/test/vendor/magento/framework/Interception/Interceptor.php(135): Magento\ApplicationPerformanceMonitor\Plugin\ApplicationPerformanceMonitor->aroundLaunch()
#35 /var/www/html/test/vendor/magento/framework/Interception/Interceptor.php(153): Magento\Framework\App\Http\Interceptor->Magento\Framework\Interception\{closure}()
#36 /var/www/html/test/generated/code/Magento/Framework/App/Http/Interceptor.php(23): Magento\Framework\App\Http\Interceptor->___callPlugins()
#37 /var/www/html/test/vendor/magento/framework/App/Bootstrap.php(264): Magento\Framework\App\Http\Interceptor->launch()
#38 /var/www/html/test/pub/index.php(30): Magento\Framework\App\Bootstrap->run()
#39 {main} {"exception":"[object] (ReflectionException(code: -1): Class \"SVExtensions\\RegionPricing\\Observer\\ApplyRegionalQuotePrice\" does not exist at /var/www/html/test/vendor/magento/framework/Code/Reader/ClassReader.php:34)"} []
[2026-07-03T20:12:46.181936+00:00] main.ERROR: Laminas\Mail\Transport\Exception\RuntimeException: Unable to send mail: Unknown error in /var/www/html/test/vendor/laminas/laminas-mail/src/Transport/Sendmail.php:313
Stack trace:
#0 /var/www/html/test/vendor/laminas/laminas-mail/src/Transport/Sendmail.php(150): Laminas\Mail\Transport\Sendmail->mailHandler()
#1 /var/www/html/test/vendor/magento/module-email/Model/Transport.php(183): Laminas\Mail\Transport\Sendmail->send()
#2 /var/www/html/test/vendor/magento/framework/Interception/Interceptor.php(58): Magento\Email\Model\Transport->sendMessage()
#3 /var/www/html/test/vendor/magento/framework/Interception/Interceptor.php(138): Magento\Email\Model\Transport\Interceptor->___callParent()
#4 /var/www/html/test/vendor/magento/module-customer-sample-data/Magento/Framework/Mail/Transport/MailPlugin.php(32): Magento\Email\Model\Transport\Interceptor->Magento\Framework\Interception\{closure}()
#5 /var/www/html/test/vendor/magento/framework/Interception/Interceptor.php(135): Magento\CustomerSampleData\Magento\Framework\Mail\Transport\MailPlugin->aroundSendMessage()
#6 /var/www/html/test/vendor/magento/module-email/Model/Mail/TransportInterfacePlugin.php(48): Magento\Email\Model\Transport\Interceptor->Magento\Framework\Interception\{closure}()
#7 /var/www/html/test/vendor/magento/framework/Interception/Interceptor.php(135): Magento\Email\Model\Mail\TransportInterfacePlugin->aroundSendMessage()
#8 /var/www/html/test/vendor/magento/framework/Interception/Interceptor.php(153): Magento\Email\Model\Transport\Interceptor->Magento\Framework\Interception\{closure}()
#9 /var/www/html/test/generated/code/Magento/Email/Model/Transport/Interceptor.php(23): Magento\Email\Model\Transport\Interceptor->___callPlugins()
#10 /var/www/html/test/vendor/magento/module-sales/Model/Order/Email/SenderBuilder.php(75): Magento\Email\Model\Transport\Interceptor->sendMessage()
#11 /var/www/html/test/vendor/magento/module-sales/Model/Order/Email/Sender.php(86): Magento\Sales\Model\Order\Email\SenderBuilder->send()
#12 /var/www/html/test/vendor/magento/module-sales/Model/Order/Email/Sender/OrderSender.php(108): Magento\Sales\Model\Order\Email\Sender->checkAndSend()
#13 /var/www/html/test/vendor/magento/module-quote/Observer/SubmitObserver.php(62): Magento\Sales\Model\Order\Email\Sender\OrderSender->send()
#14 /var/www/html/test/generated/code/Magento/Quote/Observer/SubmitObserver/Interceptor.php(23): Magento\Quote\Observer\SubmitObserver->execute()
#15 /var/www/html/test/vendor/magento/framework/Event/Invoker/InvokerDefault.php(88): Magento\Quote\Observer\SubmitObserver\Interceptor->execute()
#16 /var/www/html/test/vendor/magento/framework/Event/Invoker/InvokerDefault.php(74): Magento\Framework\Event\Invoker\InvokerDefault->_callObserverMethod()
#17 /var/www/html/test/vendor/magento/framework/Event/Manager.php(65): Magento\Framework\Event\Invoker\InvokerDefault->dispatch()
#18 /var/www/html/test/generated/code/Magento/Framework/Event/Manager/Proxy.php(105): Magento\Framework\Event\Manager->dispatch()
#19 /var/www/html/test/vendor/magento/module-quote/Model/QuoteManagement.php(638): Magento\Framework\Event\Manager\Proxy->dispatch()
#20 /var/www/html/test/vendor/magento/module-quote/Model/QuoteManagement.php(519): Magento\Quote\Model\QuoteManagement->submitQuote()
#21 /var/www/html/test/vendor/magento/framework/Interception/Interceptor.php(58): Magento\Quote\Model\QuoteManagement->submit()
#22 /var/www/html/test/vendor/magento/framework/Interception/Interceptor.php(138): Magento\Quote\Model\QuoteManagement\Interceptor->___callParent()
#23 /var/www/html/test/vendor/magento/module-sales-rule/Plugin/CouponUsagesIncrement.php(54): Magento\Quote\Model\QuoteManagement\Interceptor->Magento\Framework\Interception\{closure}()
#24 /var/www/html/test/vendor/magento/framework/Interception/Interceptor.php(135): Magento\SalesRule\Plugin\CouponUsagesIncrement->aroundSubmit()
#25 /var/www/html/test/vendor/magento/framework/Interception/Interceptor.php(153): Magento\Quote\Model\QuoteManagement\Interceptor->Magento\Framework\Interception\{closure}()
#26 /var/www/html/test/generated/code/Magento/Quote/Model/QuoteManagement/Interceptor.php(32): Magento\Quote\Model\QuoteManagement\Interceptor->___callPlugins()
#27 /var/www/html/test/vendor/magento/module-quote/Model/QuoteManagement.php(477): Magento\Quote\Model\QuoteManagement\Interceptor->submit()
#28 /var/www/html/test/vendor/magento/module-quote/Model/CartMutex.php(57): Magento\Quote\Model\QuoteManagement->placeOrderRun()
#29 /var/www/html/test/vendor/magento/module-quote/Model/QuoteManagement.php(402): Magento\Quote\Model\CartMutex->execute()
#30 /var/www/html/test/vendor/magento/framework/Interception/Interceptor.php(58): Magento\Quote\Model\QuoteManagement->placeOrder()
#31 /var/www/html/test/vendor/magento/framework/Interception/Interceptor.php(138): Magento\Quote\Model\QuoteManagement\Interceptor->___callParent()
#32 /var/www/html/test/vendor/paypal/module-braintree-core/Plugin/OrderCancellation.php(64): Magento\Quote\Model\QuoteManagement\Interceptor->Magento\Framework\Interception\{closure}()
#33 /var/www/html/test/vendor/magento/framework/Interception/Interceptor.php(135): PayPal\Braintree\Plugin\OrderCancellation->aroundPlaceOrder()
#34 /var/www/html/test/vendor/magento/framework/Interception/Interceptor.php(153): Magento\Quote\Model\QuoteManagement\Interceptor->Magento\Framework\Interception\{closure}()
#35 /var/www/html/test/generated/code/Magento/Quote/Model/QuoteManagement/Interceptor.php(23): Magento\Quote\Model\QuoteManagement\Interceptor->___callPlugins()
#36 /var/www/html/test/vendor/magento/module-checkout/Model/PaymentInformationManagement.php(152): Magento\Quote\Model\QuoteManagement\Interceptor->placeOrder()
#37 /var/www/html/test/vendor/magento/framework/Interception/Interceptor.php(58): Magento\Checkout\Model\PaymentInformationManagement->savePaymentInformationAndPlaceOrder()
#38 /var/www/html/test/vendor/magento/framework/Interception/Interceptor.php(138): Magento\Checkout\Model\PaymentInformationManagement\Interceptor->___callParent()
#39 /var/www/html/test/vendor/magento/framework/Interception/Interceptor.php(153): Magento\Checkout\Model\PaymentInformationManagement\Interceptor->Magento\Framework\Interception\{closure}()
#40 /var/www/html/test/generated/code/Magento/Checkout/Model/PaymentInformationManagement/Interceptor.php(23): Magento\Checkout\Model\PaymentInformationManagement\Interceptor->___callPlugins()
#41 [internal function]: Magento\Checkout\Model\PaymentInformationManagement\Interceptor->savePaymentInformationAndPlaceOrder()
#42 /var/www/html/test/vendor/magento/module-webapi/Controller/Rest/SynchronousRequestProcessor.php(95): call_user_func_array()
#43 /var/www/html/test/vendor/magento/module-webapi/Controller/Rest.php(201): Magento\Webapi\Controller\Rest\SynchronousRequestProcessor->process()
#44 /var/www/html/test/vendor/magento/framework/Interception/Interceptor.php(58): Magento\Webapi\Controller\Rest->dispatch()
#45 /var/www/html/test/vendor/magento/framework/Interception/Interceptor.php(138): Magento\Webapi\Controller\Rest\Interceptor->___callParent()
#46 /var/www/html/test/vendor/magento/framework/Interception/Interceptor.php(153): Magento\Webapi\Controller\Rest\Interceptor->Magento\Framework\Interception\{closure}()
#47 /var/www/html/test/generated/code/Magento/Webapi/Controller/Rest/Interceptor.php(23): Magento\Webapi\Controller\Rest\Interceptor->___callPlugins()
#48 /var/www/html/test/vendor/magento/framework/App/Http.php(116): Magento\Webapi\Controller\Rest\Interceptor->dispatch()
#49 /var/www/html/test/vendor/magento/framework/Interception/Interceptor.php(58): Magento\Framework\App\Http->launch()
#50 /var/www/html/test/vendor/magento/framework/Interception/Interceptor.php(138): Magento\Framework\App\Http\Interceptor->___callParent()
#51 /var/www/html/test/vendor/magento/module-application-performance-monitor/Plugin/ApplicationPerformanceMonitor.php(38): Magento\Framework\App\Http\Interceptor->Magento\Framework\Interception\{closure}()
#52 /var/www/html/test/vendor/magento/framework/Interception/Interceptor.php(135): Magento\ApplicationPerformanceMonitor\Plugin\ApplicationPerformanceMonitor->aroundLaunch()
#53 /var/www/html/test/vendor/magento/framework/Interception/Interceptor.php(153): Magento\Framework\App\Http\Interceptor->Magento\Framework\Interception\{closure}()
#54 /var/www/html/test/generated/code/Magento/Framework/App/Http/Interceptor.php(23): Magento\Framework\App\Http\Interceptor->___callPlugins()
#55 /var/www/html/test/vendor/magento/framework/App/Bootstrap.php(264): Magento\Framework\App\Http\Interceptor->launch()
#56 /var/www/html/test/pub/index.php(30): Magento\Framework\App\Bootstrap->run()
#57 {main} {"exception":"[object] (Laminas\\Mail\\Transport\\Exception\\RuntimeException(code: 0): Unable to send mail: Unknown error at /var/www/html/test/vendor/laminas/laminas-mail/src/Transport/Sendmail.php:313)"} []
[2026-07-03T20:17:44.380329+00:00] main.ERROR: Laminas\Mail\Transport\Exception\RuntimeException: Unable to send mail: Unknown error in /var/www/html/test/vendor/laminas/laminas-mail/src/Transport/Sendmail.php:313
Stack trace:
#0 /var/www/html/test/vendor/laminas/laminas-mail/src/Transport/Sendmail.php(150): Laminas\Mail\Transport\Sendmail->mailHandler()
#1 /var/www/html/test/vendor/magento/module-email/Model/Transport.php(183): Laminas\Mail\Transport\Sendmail->send()
#2 /var/www/html/test/vendor/magento/framework/Interception/Interceptor.php(58): Magento\Email\Model\Transport->sendMessage()
#3 /var/www/html/test/vendor/magento/framework/Interception/Interceptor.php(138): Magento\Email\Model\Transport\Interceptor->___callParent()
#4 /var/www/html/test/vendor/magento/module-customer-sample-data/Magento/Framework/Mail/Transport/MailPlugin.php(32): Magento\Email\Model\Transport\Interceptor->Magento\Framework\Interception\{closure}()
#5 /var/www/html/test/vendor/magento/framework/Interception/Interceptor.php(135): Magento\CustomerSampleData\Magento\Framework\Mail\Transport\MailPlugin->aroundSendMessage()
#6 /var/www/html/test/vendor/magento/module-email/Model/Mail/TransportInterfacePlugin.php(48): Magento\Email\Model\Transport\Interceptor->Magento\Framework\Interception\{closure}()
#7 /var/www/html/test/vendor/magento/framework/Interception/Interceptor.php(135): Magento\Email\Model\Mail\TransportInterfacePlugin->aroundSendMessage()
#8 /var/www/html/test/vendor/magento/framework/Interception/Interceptor.php(153): Magento\Email\Model\Transport\Interceptor->Magento\Framework\Interception\{closure}()
#9 /var/www/html/test/generated/code/Magento/Email/Model/Transport/Interceptor.php(23): Magento\Email\Model\Transport\Interceptor->___callPlugins()
#10 /var/www/html/test/vendor/magento/module-sales/Model/Order/Email/SenderBuilder.php(75): Magento\Email\Model\Transport\Interceptor->sendMessage()
#11 /var/www/html/test/vendor/magento/module-sales/Model/Order/Email/Sender.php(86): Magento\Sales\Model\Order\Email\SenderBuilder->send()
#12 /var/www/html/test/vendor/magento/module-sales/Model/Order/Email/Sender/OrderSender.php(108): Magento\Sales\Model\Order\Email\Sender->checkAndSend()
#13 /var/www/html/test/vendor/magento/module-quote/Observer/SubmitObserver.php(62): Magento\Sales\Model\Order\Email\Sender\OrderSender->send()
#14 /var/www/html/test/generated/code/Magento/Quote/Observer/SubmitObserver/Interceptor.php(23): Magento\Quote\Observer\SubmitObserver->execute()
#15 /var/www/html/test/vendor/magento/framework/Event/Invoker/InvokerDefault.php(88): Magento\Quote\Observer\SubmitObserver\Interceptor->execute()
#16 /var/www/html/test/vendor/magento/framework/Event/Invoker/InvokerDefault.php(74): Magento\Framework\Event\Invoker\InvokerDefault->_callObserverMethod()
#17 /var/www/html/test/vendor/magento/framework/Event/Manager.php(65): Magento\Framework\Event\Invoker\InvokerDefault->dispatch()
#18 /var/www/html/test/generated/code/Magento/Framework/Event/Manager/Proxy.php(105): Magento\Framework\Event\Manager->dispatch()
#19 /var/www/html/test/vendor/magento/module-quote/Model/QuoteManagement.php(638): Magento\Framework\Event\Manager\Proxy->dispatch()
#20 /var/www/html/test/vendor/magento/module-quote/Model/QuoteManagement.php(519): Magento\Quote\Model\QuoteManagement->submitQuote()
#21 /var/www/html/test/vendor/magento/framework/Interception/Interceptor.php(58): Magento\Quote\Model\QuoteManagement->submit()
#22 /var/www/html/test/vendor/magento/framework/Interception/Interceptor.php(138): Magento\Quote\Model\QuoteManagement\Interceptor->___callParent()
#23 /var/www/html/test/vendor/magento/module-sales-rule/Plugin/CouponUsagesIncrement.php(54): Magento\Quote\Model\QuoteManagement\Interceptor->Magento\Framework\Interception\{closure}()
#24 /var/www/html/test/vendor/magento/framework/Interception/Interceptor.php(135): Magento\SalesRule\Plugin\CouponUsagesIncrement->aroundSubmit()
#25 /var/www/html/test/vendor/magento/framework/Interception/Interceptor.php(153): Magento\Quote\Model\QuoteManagement\Interceptor->Magento\Framework\Interception\{closure}()
#26 /var/www/html/test/generated/code/Magento/Quote/Model/QuoteManagement/Interceptor.php(32): Magento\Quote\Model\QuoteManagement\Interceptor->___callPlugins()
#27 /var/www/html/test/vendor/magento/module-quote/Model/QuoteManagement.php(477): Magento\Quote\Model\QuoteManagement\Interceptor->submit()
#28 /var/www/html/test/vendor/magento/module-quote/Model/CartMutex.php(57): Magento\Quote\Model\QuoteManagement->placeOrderRun()
#29 /var/www/html/test/vendor/magento/module-quote/Model/QuoteManagement.php(402): Magento\Quote\Model\CartMutex->execute()
#30 /var/www/html/test/vendor/magento/framework/Interception/Interceptor.php(58): Magento\Quote\Model\QuoteManagement->placeOrder()
#31 /var/www/html/test/vendor/magento/framework/Interception/Interceptor.php(138): Magento\Quote\Model\QuoteManagement\Interceptor->___callParent()
#32 /var/www/html/test/vendor/paypal/module-braintree-core/Plugin/OrderCancellation.php(64): Magento\Quote\Model\QuoteManagement\Interceptor->Magento\Framework\Interception\{closure}()
#33 /var/www/html/test/vendor/magento/framework/Interception/Interceptor.php(135): PayPal\Braintree\Plugin\OrderCancellation->aroundPlaceOrder()
#34 /var/www/html/test/vendor/magento/framework/Interception/Interceptor.php(153): Magento\Quote\Model\QuoteManagement\Interceptor->Magento\Framework\Interception\{closure}()
#35 /var/www/html/test/generated/code/Magento/Quote/Model/QuoteManagement/Interceptor.php(23): Magento\Quote\Model\QuoteManagement\Interceptor->___callPlugins()
#36 /var/www/html/test/vendor/magento/module-checkout/Model/PaymentInformationManagement.php(152): Magento\Quote\Model\QuoteManagement\Interceptor->placeOrder()
#37 /var/www/html/test/vendor/magento/framework/Interception/Interceptor.php(58): Magento\Checkout\Model\PaymentInformationManagement->savePaymentInformationAndPlaceOrder()
#38 /var/www/html/test/vendor/magento/framework/Interception/Interceptor.php(138): Magento\Checkout\Model\PaymentInformationManagement\Interceptor->___callParent()
#39 /var/www/html/test/vendor/magento/framework/Interception/Interceptor.php(153): Magento\Checkout\Model\PaymentInformationManagement\Interceptor->Magento\Framework\Interception\{closure}()
#40 /var/www/html/test/generated/code/Magento/Checkout/Model/PaymentInformationManagement/Interceptor.php(23): Magento\Checkout\Model\PaymentInformationManagement\Interceptor->___callPlugins()
#41 [internal function]: Magento\Checkout\Model\PaymentInformationManagement\Interceptor->savePaymentInformationAndPlaceOrder()
#42 /var/www/html/test/vendor/magento/module-webapi/Controller/Rest/SynchronousRequestProcessor.php(95): call_user_func_array()
#43 /var/www/html/test/vendor/magento/module-webapi/Controller/Rest.php(201): Magento\Webapi\Controller\Rest\SynchronousRequestProcessor->process()
#44 /var/www/html/test/vendor/magento/framework/Interception/Interceptor.php(58): Magento\Webapi\Controller\Rest->dispatch()
#45 /var/www/html/test/vendor/magento/framework/Interception/Interceptor.php(138): Magento\Webapi\Controller\Rest\Interceptor->___callParent()
#46 /var/www/html/test/vendor/magento/framework/Interception/Interceptor.php(153): Magento\Webapi\Controller\Rest\Interceptor->Magento\Framework\Interception\{closure}()
#47 /var/www/html/test/generated/code/Magento/Webapi/Controller/Rest/Interceptor.php(23): Magento\Webapi\Controller\Rest\Interceptor->___callPlugins()
#48 /var/www/html/test/vendor/magento/framework/App/Http.php(116): Magento\Webapi\Controller\Rest\Interceptor->dispatch()
#49 /var/www/html/test/vendor/magento/framework/Interception/Interceptor.php(58): Magento\Framework\App\Http->launch()
#50 /var/www/html/test/vendor/magento/framework/Interception/Interceptor.php(138): Magento\Framework\App\Http\Interceptor->___callParent()
#51 /var/www/html/test/vendor/magento/module-application-performance-monitor/Plugin/ApplicationPerformanceMonitor.php(38): Magento\Framework\App\Http\Interceptor->Magento\Framework\Interception\{closure}()
#52 /var/www/html/test/vendor/magento/framework/Interception/Interceptor.php(135): Magento\ApplicationPerformanceMonitor\Plugin\ApplicationPerformanceMonitor->aroundLaunch()
#53 /var/www/html/test/vendor/magento/framework/Interception/Interceptor.php(153): Magento\Framework\App\Http\Interceptor->Magento\Framework\Interception\{closure}()
#54 /var/www/html/test/generated/code/Magento/Framework/App/Http/Interceptor.php(23): Magento\Framework\App\Http\Interceptor->___callPlugins()
#55 /var/www/html/test/vendor/magento/framework/App/Bootstrap.php(264): Magento\Framework\App\Http\Interceptor->launch()
#56 /var/www/html/test/pub/index.php(30): Magento\Framework\App\Bootstrap->run()
#57 {main} {"exception":"[object] (Laminas\\Mail\\Transport\\Exception\\RuntimeException(code: 0): Unable to send mail: Unknown error at /var/www/html/test/vendor/laminas/laminas-mail/src/Transport/Sendmail.php:313)"} []
[2026-07-03T21:34:13.127437+00:00] main.ERROR: Laminas\Mail\Transport\Exception\RuntimeException: Unable to send mail: Unknown error in /var/www/html/test/vendor/laminas/laminas-mail/src/Transport/Sendmail.php:313
Stack trace:
#0 /var/www/html/test/vendor/laminas/laminas-mail/src/Transport/Sendmail.php(150): Laminas\Mail\Transport\Sendmail->mailHandler()
#1 /var/www/html/test/vendor/magento/module-email/Model/Transport.php(183): Laminas\Mail\Transport\Sendmail->send()
#2 /var/www/html/test/vendor/magento/framework/Interception/Interceptor.php(58): Magento\Email\Model\Transport->sendMessage()
#3 /var/www/html/test/vendor/magento/framework/Interception/Interceptor.php(138): Magento\Email\Model\Transport\Interceptor->___callParent()
#4 /var/www/html/test/vendor/magento/module-customer-sample-data/Magento/Framework/Mail/Transport/MailPlugin.php(32): Magento\Email\Model\Transport\Interceptor->Magento\Framework\Interception\{closure}()
#5 /var/www/html/test/vendor/magento/framework/Interception/Interceptor.php(135): Magento\CustomerSampleData\Magento\Framework\Mail\Transport\MailPlugin->aroundSendMessage()
#6 /var/www/html/test/vendor/magento/module-email/Model/Mail/TransportInterfacePlugin.php(48): Magento\Email\Model\Transport\Interceptor->Magento\Framework\Interception\{closure}()
#7 /var/www/html/test/vendor/magento/framework/Interception/Interceptor.php(135): Magento\Email\Model\Mail\TransportInterfacePlugin->aroundSendMessage()
#8 /var/www/html/test/vendor/magento/framework/Interception/Interceptor.php(153): Magento\Email\Model\Transport\Interceptor->Magento\Framework\Interception\{closure}()
#9 /var/www/html/test/generated/code/Magento/Email/Model/Transport/Interceptor.php(23): Magento\Email\Model\Transport\Interceptor->___callPlugins()
#10 /var/www/html/test/vendor/magento/module-sales/Model/Order/Email/SenderBuilder.php(75): Magento\Email\Model\Transport\Interceptor->sendMessage()
#11 /var/www/html/test/vendor/magento/module-sales/Model/Order/Email/Sender.php(86): Magento\Sales\Model\Order\Email\SenderBuilder->send()
#12 /var/www/html/test/vendor/magento/module-sales/Model/Order/Email/Sender/OrderSender.php(108): Magento\Sales\Model\Order\Email\Sender->checkAndSend()
#13 /var/www/html/test/vendor/magento/module-quote/Observer/SubmitObserver.php(62): Magento\Sales\Model\Order\Email\Sender\OrderSender->send()
#14 /var/www/html/test/generated/code/Magento/Quote/Observer/SubmitObserver/Interceptor.php(23): Magento\Quote\Observer\SubmitObserver->execute()
#15 /var/www/html/test/vendor/magento/framework/Event/Invoker/InvokerDefault.php(88): Magento\Quote\Observer\SubmitObserver\Interceptor->execute()
#16 /var/www/html/test/vendor/magento/framework/Event/Invoker/InvokerDefault.php(74): Magento\Framework\Event\Invoker\InvokerDefault->_callObserverMethod()
#17 /var/www/html/test/vendor/magento/framework/Event/Manager.php(65): Magento\Framework\Event\Invoker\InvokerDefault->dispatch()
#18 /var/www/html/test/generated/code/Magento/Framework/Event/Manager/Proxy.php(105): Magento\Framework\Event\Manager->dispatch()
#19 /var/www/html/test/vendor/magento/module-quote/Model/QuoteManagement.php(638): Magento\Framework\Event\Manager\Proxy->dispatch()
#20 /var/www/html/test/vendor/magento/module-quote/Model/QuoteManagement.php(519): Magento\Quote\Model\QuoteManagement->submitQuote()
#21 /var/www/html/test/vendor/magento/framework/Interception/Interceptor.php(58): Magento\Quote\Model\QuoteManagement->submit()
#22 /var/www/html/test/vendor/magento/framework/Interception/Interceptor.php(138): Magento\Quote\Model\QuoteManagement\Interceptor->___callParent()
#23 /var/www/html/test/vendor/magento/module-sales-rule/Plugin/CouponUsagesIncrement.php(54): Magento\Quote\Model\QuoteManagement\Interceptor->Magento\Framework\Interception\{closure}()
#24 /var/www/html/test/vendor/magento/framework/Interception/Interceptor.php(135): Magento\SalesRule\Plugin\CouponUsagesIncrement->aroundSubmit()
#25 /var/www/html/test/vendor/magento/framework/Interception/Interceptor.php(153): Magento\Quote\Model\QuoteManagement\Interceptor->Magento\Framework\Interception\{closure}()
#26 /var/www/html/test/generated/code/Magento/Quote/Model/QuoteManagement/Interceptor.php(32): Magento\Quote\Model\QuoteManagement\Interceptor->___callPlugins()
#27 /var/www/html/test/vendor/magento/module-quote/Model/QuoteManagement.php(477): Magento\Quote\Model\QuoteManagement\Interceptor->submit()
#28 /var/www/html/test/vendor/magento/module-quote/Model/CartMutex.php(57): Magento\Quote\Model\QuoteManagement->placeOrderRun()
#29 /var/www/html/test/vendor/magento/module-quote/Model/QuoteManagement.php(402): Magento\Quote\Model\CartMutex->execute()
#30 /var/www/html/test/vendor/magento/framework/Interception/Interceptor.php(58): Magento\Quote\Model\QuoteManagement->placeOrder()
#31 /var/www/html/test/vendor/magento/framework/Interception/Interceptor.php(138): Magento\Quote\Model\QuoteManagement\Interceptor->___callParent()
#32 /var/www/html/test/vendor/paypal/module-braintree-core/Plugin/OrderCancellation.php(64): Magento\Quote\Model\QuoteManagement\Interceptor->Magento\Framework\Interception\{closure}()
#33 /var/www/html/test/vendor/magento/framework/Interception/Interceptor.php(135): PayPal\Braintree\Plugin\OrderCancellation->aroundPlaceOrder()
#34 /var/www/html/test/vendor/magento/framework/Interception/Interceptor.php(153): Magento\Quote\Model\QuoteManagement\Interceptor->Magento\Framework\Interception\{closure}()
#35 /var/www/html/test/generated/code/Magento/Quote/Model/QuoteManagement/Interceptor.php(23): Magento\Quote\Model\QuoteManagement\Interceptor->___callPlugins()
#36 /var/www/html/test/vendor/magento/module-checkout/Model/PaymentInformationManagement.php(152): Magento\Quote\Model\QuoteManagement\Interceptor->placeOrder()
#37 /var/www/html/test/vendor/magento/framework/Interception/Interceptor.php(58): Magento\Checkout\Model\PaymentInformationManagement->savePaymentInformationAndPlaceOrder()
#38 /var/www/html/test/vendor/magento/framework/Interception/Interceptor.php(138): Magento\Checkout\Model\PaymentInformationManagement\Interceptor->___callParent()
#39 /var/www/html/test/vendor/magento/framework/Interception/Interceptor.php(153): Magento\Checkout\Model\PaymentInformationManagement\Interceptor->Magento\Framework\Interception\{closure}()
#40 /var/www/html/test/generated/code/Magento/Checkout/Model/PaymentInformationManagement/Interceptor.php(23): Magento\Checkout\Model\PaymentInformationManagement\Interceptor->___callPlugins()
#41 [internal function]: Magento\Checkout\Model\PaymentInformationManagement\Interceptor->savePaymentInformationAndPlaceOrder()
#42 /var/www/html/test/vendor/magento/module-webapi/Controller/Rest/SynchronousRequestProcessor.php(95): call_user_func_array()
#43 /var/www/html/test/vendor/magento/module-webapi/Controller/Rest.php(201): Magento\Webapi\Controller\Rest\SynchronousRequestProcessor->process()
#44 /var/www/html/test/vendor/magento/framework/Interception/Interceptor.php(58): Magento\Webapi\Controller\Rest->dispatch()
#45 /var/www/html/test/vendor/magento/framework/Interception/Interceptor.php(138): Magento\Webapi\Controller\Rest\Interceptor->___callParent()
#46 /var/www/html/test/vendor/magento/framework/Interception/Interceptor.php(153): Magento\Webapi\Controller\Rest\Interceptor->Magento\Framework\Interception\{closure}()
#47 /var/www/html/test/generated/code/Magento/Webapi/Controller/Rest/Interceptor.php(23): Magento\Webapi\Controller\Rest\Interceptor->___callPlugins()
#48 /var/www/html/test/vendor/magento/framework/App/Http.php(116): Magento\Webapi\Controller\Rest\Interceptor->dispatch()
#49 /var/www/html/test/vendor/magento/framework/Interception/Interceptor.php(58): Magento\Framework\App\Http->launch()
#50 /var/www/html/test/vendor/magento/framework/Interception/Interceptor.php(138): Magento\Framework\App\Http\Interceptor->___callParent()
#51 /var/www/html/test/vendor/magento/module-application-performance-monitor/Plugin/ApplicationPerformanceMonitor.php(38): Magento\Framework\App\Http\Interceptor->Magento\Framework\Interception\{closure}()
#52 /var/www/html/test/vendor/magento/framework/Interception/Interceptor.php(135): Magento\ApplicationPerformanceMonitor\Plugin\ApplicationPerformanceMonitor->aroundLaunch()
#53 /var/www/html/test/vendor/magento/framework/Interception/Interceptor.php(153): Magento\Framework\App\Http\Interceptor->Magento\Framework\Interception\{closure}()
#54 /var/www/html/test/generated/code/Magento/Framework/App/Http/Interceptor.php(23): Magento\Framework\App\Http\Interceptor->___callPlugins()
#55 /var/www/html/test/vendor/magento/framework/App/Bootstrap.php(264): Magento\Framework\App\Http\Interceptor->launch()
#56 /var/www/html/test/pub/index.php(30): Magento\Framework\App\Bootstrap->run()
#57 {main} {"exception":"[object] (Laminas\\Mail\\Transport\\Exception\\RuntimeException(code: 0): Unable to send mail: Unknown error at /var/www/html/test/vendor/laminas/laminas-mail/src/Transport/Sendmail.php:313)"} []
[2026-07-04T05:41:34.684474+00:00] main.CRITICAL: Exception: Not registered handle customer_group_listing_data_source in /var/www/html/test/vendor/magento/framework/View/Element/UiComponent/DataProvider/CollectionFactory.php:49
Stack trace:
#0 /var/www/html/test/vendor/magento/framework/View/Element/UiComponent/DataProvider/Reporting.php(45): Magento\Framework\View\Element\UiComponent\DataProvider\CollectionFactory->getReport()
#1 /var/www/html/test/vendor/magento/framework/View/Element/UiComponent/DataProvider/DataProvider.php(317): Magento\Framework\View\Element\UiComponent\DataProvider\Reporting->search()
#2 /var/www/html/test/vendor/magento/framework/View/Element/UiComponent/DataProvider/DataProvider.php(286): Magento\Framework\View\Element\UiComponent\DataProvider\DataProvider->getSearchResult()
#3 /var/www/html/test/vendor/magento/module-ui/Component/Listing.php(38): Magento\Framework\View\Element\UiComponent\DataProvider\DataProvider->getData()
#4 /var/www/html/test/vendor/magento/framework/View/Element/UiComponent/Context.php(250): Magento\Ui\Component\Listing->getDataSourceData()
#5 /var/www/html/test/vendor/magento/framework/View/Layout/Generic.php(75): Magento\Framework\View\Element\UiComponent\Context->getDataSourceData()
#6 /var/www/html/test/vendor/magento/framework/View/Layout/Generator/Structure.php(46): Magento\Framework\View\Layout\Generic->build()
#7 /var/www/html/test/vendor/magento/module-ui/TemplateEngine/Xhtml/Result.php(102): Magento\Framework\View\Layout\Generator\Structure->generate()
#8 /var/www/html/test/vendor/magento/module-ui/TemplateEngine/Xhtml/Result.php(124): Magento\Ui\TemplateEngine\Xhtml\Result->appendLayoutConfiguration()
#9 /var/www/html/test/vendor/magento/module-ui/Component/Wrapper/UiComponent.php(73): Magento\Ui\TemplateEngine\Xhtml\Result->__toString()
#10 /var/www/html/test/vendor/magento/framework/View/Element/AbstractBlock.php(1128): Magento\Ui\Component\Wrapper\UiComponent->_toHtml()
#11 /var/www/html/test/vendor/magento/framework/View/Element/AbstractBlock.php(1132): Magento\Framework\View\Element\AbstractBlock->Magento\Framework\View\Element\{closure}()
#12 /var/www/html/test/vendor/magento/framework/View/Element/AbstractBlock.php(676): Magento\Framework\View\Element\AbstractBlock->_loadCache()
#13 /var/www/html/test/vendor/magento/framework/View/Layout.php(591): Magento\Framework\View\Element\AbstractBlock->toHtml()
#14 /var/www/html/test/vendor/magento/framework/View/Layout.php(553): Magento\Framework\View\Layout->_renderUiComponent()
#15 /var/www/html/test/vendor/magento/framework/View/Layout.php(510): Magento\Framework\View\Layout->renderNonCachedElement()
#16 /var/www/html/test/vendor/magento/framework/View/Layout.php(606): Magento\Framework\View\Layout->renderElement()
#17 /var/www/html/test/vendor/magento/framework/View/Layout.php(557): Magento\Framework\View\Layout->_renderContainer()
#18 /var/www/html/test/vendor/magento/framework/View/Layout.php(510): Magento\Framework\View\Layout->renderNonCachedElement()
#19 /var/www/html/test/vendor/magento/framework/View/Layout.php(606): Magento\Framework\View\Layout->renderElement()
#20 /var/www/html/test/vendor/magento/framework/View/Layout.php(557): Magento\Framework\View\Layout->_renderContainer()
#21 /var/www/html/test/vendor/magento/framework/View/Layout.php(510): Magento\Framework\View\Layout->renderNonCachedElement()
#22 /var/www/html/test/vendor/magento/framework/View/Layout.php(606): Magento\Framework\View\Layout->renderElement()
#23 /var/www/html/test/vendor/magento/framework/View/Layout.php(557): Magento\Framework\View\Layout->_renderContainer()
#24 /var/www/html/test/vendor/magento/framework/View/Layout.php(510): Magento\Framework\View\Layout->renderNonCachedElement()
#25 /var/www/html/test/vendor/magento/framework/View/Layout.php(606): Magento\Framework\View\Layout->renderElement()
#26 /var/www/html/test/vendor/magento/framework/View/Layout.php(557): Magento\Framework\View\Layout->_renderContainer()
#27 /var/www/html/test/vendor/magento/framework/View/Layout.php(510): Magento\Framework\View\Layout->renderNonCachedElement()
#28 /var/www/html/test/vendor/magento/framework/View/Layout.php(606): Magento\Framework\View\Layout->renderElement()
#29 /var/www/html/test/vendor/magento/framework/View/Layout.php(557): Magento\Framework\View\Layout->_renderContainer()
#30 /var/www/html/test/vendor/magento/framework/View/Layout.php(510): Magento\Framework\View\Layout->renderNonCachedElement()
#31 /var/www/html/test/vendor/magento/framework/View/Layout.php(606): Magento\Framework\View\Layout->renderElement()
#32 /var/www/html/test/vendor/magento/framework/View/Layout.php(557): Magento\Framework\View\Layout->_renderContainer()
#33 /var/www/html/test/vendor/magento/framework/View/Layout.php(510): Magento\Framework\View\Layout->renderNonCachedElement()
#34 /var/www/html/test/vendor/magento/framework/View/Layout.php(606): Magento\Framework\View\Layout->renderElement()
#35 /var/www/html/test/vendor/magento/framework/View/Layout.php(557): Magento\Framework\View\Layout->_renderContainer()
#36 /var/www/html/test/vendor/magento/framework/View/Layout.php(510): Magento\Framework\View\Layout->renderNonCachedElement()
#37 /var/www/html/test/vendor/magento/framework/View/Layout.php(606): Magento\Framework\View\Layout->renderElement()
#38 /var/www/html/test/vendor/magento/framework/View/Layout.php(557): Magento\Framework\View\Layout->_renderContainer()
#39 /var/www/html/test/vendor/magento/framework/View/Layout.php(510): Magento\Framework\View\Layout->renderNonCachedElement()
#40 /var/www/html/test/vendor/magento/framework/View/Layout.php(975): Magento\Framework\View\Layout->renderElement()
#41 /var/www/html/test/generated/code/Magento/Framework/View/Layout/Interceptor.php(41): Magento\Framework\View\Layout->getOutput()
#42 /var/www/html/test/vendor/magento/framework/View/Result/Page.php(260): Magento\Framework\View\Layout\Interceptor->getOutput()
#43 /var/www/html/test/vendor/magento/framework/View/Result/Layout.php(171): Magento\Framework\View\Result\Page->render()
#44 /var/www/html/test/generated/code/Magento/Backend/Model/View/Result/Page/Interceptor.php(32): Magento\Framework\View\Result\Layout->renderResult()
#45 /var/www/html/test/vendor/magento/framework/App/Http.php(120): Magento\Backend\Model\View\Result\Page\Interceptor->renderResult()
#46 /var/www/html/test/vendor/magento/framework/Interception/Interceptor.php(58): Magento\Framework\App\Http->launch()
#47 /var/www/html/test/vendor/magento/framework/Interception/Interceptor.php(138): Magento\Framework\App\Http\Interceptor->___callParent()
#48 /var/www/html/test/vendor/magento/module-application-performance-monitor/Plugin/ApplicationPerformanceMonitor.php(38): Magento\Framework\App\Http\Interceptor->Magento\Framework\Interception\{closure}()
#49 /var/www/html/test/vendor/magento/framework/Interception/Interceptor.php(135): Magento\ApplicationPerformanceMonitor\Plugin\ApplicationPerformanceMonitor->aroundLaunch()
#50 /var/www/html/test/vendor/magento/framework/Interception/Interceptor.php(153): Magento\Framework\App\Http\Interceptor->Magento\Framework\Interception\{closure}()
#51 /var/www/html/test/generated/code/Magento/Framework/App/Http/Interceptor.php(23): Magento\Framework\App\Http\Interceptor->___callPlugins()
#52 /var/www/html/test/vendor/magento/framework/App/Bootstrap.php(264): Magento\Framework\App\Http\Interceptor->launch()
#53 /var/www/html/test/pub/index.php(30): Magento\Framework\App\Bootstrap->run()
#54 {main} {"exception":"[object] (Exception(code: 0): Not registered handle customer_group_listing_data_source at /var/www/html/test/vendor/magento/framework/View/Element/UiComponent/DataProvider/CollectionFactory.php:49)"} []
[2026-07-04T05:49:37.282630+00:00] main.CRITICAL: Exception: Not registered handle customer_listing_data_source in /var/www/html/test/vendor/magento/framework/View/Element/UiComponent/DataProvider/CollectionFactory.php:49
Stack trace:
#0 /var/www/html/test/vendor/magento/framework/View/Element/UiComponent/DataProvider/Reporting.php(45): Magento\Framework\View\Element\UiComponent\DataProvider\CollectionFactory->getReport()
#1 /var/www/html/test/vendor/magento/framework/View/Element/UiComponent/DataProvider/DataProvider.php(317): Magento\Framework\View\Element\UiComponent\DataProvider\Reporting->search()
#2 /var/www/html/test/vendor/magento/framework/View/Element/UiComponent/DataProvider/DataProvider.php(286): Magento\Framework\View\Element\UiComponent\DataProvider\DataProvider->getSearchResult()
#3 /var/www/html/test/vendor/magento/module-customer/Ui/Component/DataProvider.php(66): Magento\Framework\View\Element\UiComponent\DataProvider\DataProvider->getData()
#4 /var/www/html/test/vendor/magento/module-ui/Component/Listing.php(38): Magento\Customer\Ui\Component\DataProvider->getData()
#5 /var/www/html/test/vendor/magento/framework/View/Element/UiComponent/Context.php(250): Magento\Ui\Component\Listing->getDataSourceData()
#6 /var/www/html/test/vendor/magento/framework/View/Layout/Generic.php(75): Magento\Framework\View\Element\UiComponent\Context->getDataSourceData()
#7 /var/www/html/test/vendor/magento/framework/View/Layout/Generator/Structure.php(46): Magento\Framework\View\Layout\Generic->build()
#8 /var/www/html/test/vendor/magento/module-ui/TemplateEngine/Xhtml/Result.php(102): Magento\Framework\View\Layout\Generator\Structure->generate()
#9 /var/www/html/test/vendor/magento/module-ui/TemplateEngine/Xhtml/Result.php(124): Magento\Ui\TemplateEngine\Xhtml\Result->appendLayoutConfiguration()
#10 /var/www/html/test/vendor/magento/module-ui/Component/Wrapper/UiComponent.php(73): Magento\Ui\TemplateEngine\Xhtml\Result->__toString()
#11 /var/www/html/test/vendor/magento/framework/View/Element/AbstractBlock.php(1128): Magento\Ui\Component\Wrapper\UiComponent->_toHtml()
#12 /var/www/html/test/vendor/magento/framework/View/Element/AbstractBlock.php(1132): Magento\Framework\View\Element\AbstractBlock->Magento\Framework\View\Element\{closure}()
#13 /var/www/html/test/vendor/magento/framework/View/Element/AbstractBlock.php(676): Magento\Framework\View\Element\AbstractBlock->_loadCache()
#14 /var/www/html/test/vendor/magento/framework/View/Layout.php(591): Magento\Framework\View\Element\AbstractBlock->toHtml()
#15 /var/www/html/test/vendor/magento/framework/View/Layout.php(553): Magento\Framework\View\Layout->_renderUiComponent()
#16 /var/www/html/test/vendor/magento/framework/View/Layout.php(510): Magento\Framework\View\Layout->renderNonCachedElement()
#17 /var/www/html/test/vendor/magento/framework/View/Layout.php(606): Magento\Framework\View\Layout->renderElement()
#18 /var/www/html/test/vendor/magento/framework/View/Layout.php(557): Magento\Framework\View\Layout->_renderContainer()
#19 /var/www/html/test/vendor/magento/framework/View/Layout.php(510): Magento\Framework\View\Layout->renderNonCachedElement()
#20 /var/www/html/test/vendor/magento/framework/View/Layout.php(606): Magento\Framework\View\Layout->renderElement()
#21 /var/www/html/test/vendor/magento/framework/View/Layout.php(557): Magento\Framework\View\Layout->_renderContainer()
#22 /var/www/html/test/vendor/magento/framework/View/Layout.php(510): Magento\Framework\View\Layout->renderNonCachedElement()
#23 /var/www/html/test/vendor/magento/framework/View/Layout.php(606): Magento\Framework\View\Layout->renderElement()
#24 /var/www/html/test/vendor/magento/framework/View/Layout.php(557): Magento\Framework\View\Layout->_renderContainer()
#25 /var/www/html/test/vendor/magento/framework/View/Layout.php(510): Magento\Framework\View\Layout->renderNonCachedElement()
#26 /var/www/html/test/vendor/magento/framework/View/Layout.php(606): Magento\Framework\View\Layout->renderElement()
#27 /var/www/html/test/vendor/magento/framework/View/Layout.php(557): Magento\Framework\View\Layout->_renderContainer()
#28 /var/www/html/test/vendor/magento/framework/View/Layout.php(510): Magento\Framework\View\Layout->renderNonCachedElement()
#29 /var/www/html/test/vendor/magento/framework/View/Layout.php(606): Magento\Framework\View\Layout->renderElement()
#30 /var/www/html/test/vendor/magento/framework/View/Layout.php(557): Magento\Framework\View\Layout->_renderContainer()
#31 /var/www/html/test/vendor/magento/framework/View/Layout.php(510): Magento\Framework\View\Layout->renderNonCachedElement()
#32 /var/www/html/test/vendor/magento/framework/View/Layout.php(606): Magento\Framework\View\Layout->renderElement()
#33 /var/www/html/test/vendor/magento/framework/View/Layout.php(557): Magento\Framework\View\Layout->_renderContainer()
#34 /var/www/html/test/vendor/magento/framework/View/Layout.php(510): Magento\Framework\View\Layout->renderNonCachedElement()
#35 /var/www/html/test/vendor/magento/framework/View/Layout.php(606): Magento\Framework\View\Layout->renderElement()
#36 /var/www/html/test/vendor/magento/framework/View/Layout.php(557): Magento\Framework\View\Layout->_renderContainer()
#37 /var/www/html/test/vendor/magento/framework/View/Layout.php(510): Magento\Framework\View\Layout->renderNonCachedElement()
#38 /var/www/html/test/vendor/magento/framework/View/Layout.php(606): Magento\Framework\View\Layout->renderElement()
#39 /var/www/html/test/vendor/magento/framework/View/Layout.php(557): Magento\Framework\View\Layout->_renderContainer()
#40 /var/www/html/test/vendor/magento/framework/View/Layout.php(510): Magento\Framework\View\Layout->renderNonCachedElement()
#41 /var/www/html/test/vendor/magento/framework/View/Layout.php(975): Magento\Framework\View\Layout->renderElement()
#42 /var/www/html/test/generated/code/Magento/Framework/View/Layout/Interceptor.php(41): Magento\Framework\View\Layout->getOutput()
#43 /var/www/html/test/vendor/magento/framework/View/Result/Page.php(260): Magento\Framework\View\Layout\Interceptor->getOutput()
#44 /var/www/html/test/vendor/magento/framework/View/Result/Layout.php(171): Magento\Framework\View\Result\Page->render()
#45 /var/www/html/test/generated/code/Magento/Backend/Model/View/Result/Page/Interceptor.php(32): Magento\Framework\View\Result\Layout->renderResult()
#46 /var/www/html/test/vendor/magento/framework/App/Http.php(120): Magento\Backend\Model\View\Result\Page\Interceptor->renderResult()
#47 /var/www/html/test/vendor/magento/framework/Interception/Interceptor.php(58): Magento\Framework\App\Http->launch()
#48 /var/www/html/test/vendor/magento/framework/Interception/Interceptor.php(138): Magento\Framework\App\Http\Interceptor->___callParent()
#49 /var/www/html/test/vendor/magento/module-application-performance-monitor/Plugin/ApplicationPerformanceMonitor.php(38): Magento\Framework\App\Http\Interceptor->Magento\Framework\Interception\{closure}()
#50 /var/www/html/test/vendor/magento/framework/Interception/Interceptor.php(135): Magento\ApplicationPerformanceMonitor\Plugin\ApplicationPerformanceMonitor->aroundLaunch()
#51 /var/www/html/test/vendor/magento/framework/Interception/Interceptor.php(153): Magento\Framework\App\Http\Interceptor->Magento\Framework\Interception\{closure}()
#52 /var/www/html/test/generated/code/Magento/Framework/App/Http/Interceptor.php(23): Magento\Framework\App\Http\Interceptor->___callPlugins()
#53 /var/www/html/test/vendor/magento/framework/App/Bootstrap.php(264): Magento\Framework\App\Http\Interceptor->launch()
#54 /var/www/html/test/pub/index.php(30): Magento\Framework\App\Bootstrap->run()
#55 {main} {"exception":"[object] (Exception(code: 0): Not registered handle customer_listing_data_source at /var/www/html/test/vendor/magento/framework/View/Element/UiComponent/DataProvider/CollectionFactory.php:49)"} []
[2026-07-04T05:49:42.269648+00:00] main.CRITICAL: Exception: Not registered handle customer_group_listing_data_source in /var/www/html/test/vendor/magento/framework/View/Element/UiComponent/DataProvider/CollectionFactory.php:49
Stack trace:
#0 /var/www/html/test/vendor/magento/framework/View/Element/UiComponent/DataProvider/Reporting.php(45): Magento\Framework\View\Element\UiComponent\DataProvider\CollectionFactory->getReport()
#1 /var/www/html/test/vendor/magento/framework/View/Element/UiComponent/DataProvider/DataProvider.php(317): Magento\Framework\View\Element\UiComponent\DataProvider\Reporting->search()
#2 /var/www/html/test/vendor/magento/framework/View/Element/UiComponent/DataProvider/DataProvider.php(286): Magento\Framework\View\Element\UiComponent\DataProvider\DataProvider->getSearchResult()
#3 /var/www/html/test/vendor/magento/module-ui/Component/Listing.php(38): Magento\Framework\View\Element\UiComponent\DataProvider\DataProvider->getData()
#4 /var/www/html/test/vendor/magento/framework/View/Element/UiComponent/Context.php(250): Magento\Ui\Component\Listing->getDataSourceData()
#5 /var/www/html/test/vendor/magento/framework/View/Layout/Generic.php(75): Magento\Framework\View\Element\UiComponent\Context->getDataSourceData()
#6 /var/www/html/test/vendor/magento/framework/View/Layout/Generator/Structure.php(46): Magento\Framework\View\Layout\Generic->build()
#7 /var/www/html/test/vendor/magento/module-ui/TemplateEngine/Xhtml/Result.php(102): Magento\Framework\View\Layout\Generator\Structure->generate()
#8 /var/www/html/test/vendor/magento/module-ui/TemplateEngine/Xhtml/Result.php(124): Magento\Ui\TemplateEngine\Xhtml\Result->appendLayoutConfiguration()
#9 /var/www/html/test/vendor/magento/module-ui/Component/Wrapper/UiComponent.php(73): Magento\Ui\TemplateEngine\Xhtml\Result->__toString()
#10 /var/www/html/test/vendor/magento/framework/View/Element/AbstractBlock.php(1128): Magento\Ui\Component\Wrapper\UiComponent->_toHtml()
#11 /var/www/html/test/vendor/magento/framework/View/Element/AbstractBlock.php(1132): Magento\Framework\View\Element\AbstractBlock->Magento\Framework\View\Element\{closure}()
#12 /var/www/html/test/vendor/magento/framework/View/Element/AbstractBlock.php(676): Magento\Framework\View\Element\AbstractBlock->_loadCache()
#13 /var/www/html/test/vendor/magento/framework/View/Layout.php(591): Magento\Framework\View\Element\AbstractBlock->toHtml()
#14 /var/www/html/test/vendor/magento/framework/View/Layout.php(553): Magento\Framework\View\Layout->_renderUiComponent()
#15 /var/www/html/test/vendor/magento/framework/View/Layout.php(510): Magento\Framework\View\Layout->renderNonCachedElement()
#16 /var/www/html/test/vendor/magento/framework/View/Layout.php(606): Magento\Framework\View\Layout->renderElement()
#17 /var/www/html/test/vendor/magento/framework/View/Layout.php(557): Magento\Framework\View\Layout->_renderContainer()
#18 /var/www/html/test/vendor/magento/framework/View/Layout.php(510): Magento\Framework\View\Layout->renderNonCachedElement()
#19 /var/www/html/test/vendor/magento/framework/View/Layout.php(606): Magento\Framework\View\Layout->renderElement()
#20 /var/www/html/test/vendor/magento/framework/View/Layout.php(557): Magento\Framework\View\Layout->_renderContainer()
#21 /var/www/html/test/vendor/magento/framework/View/Layout.php(510): Magento\Framework\View\Layout->renderNonCachedElement()
#22 /var/www/html/test/vendor/magento/framework/View/Layout.php(606): Magento\Framework\View\Layout->renderElement()
#23 /var/www/html/test/vendor/magento/framework/View/Layout.php(557): Magento\Framework\View\Layout->_renderContainer()
#24 /var/www/html/test/vendor/magento/framework/View/Layout.php(510): Magento\Framework\View\Layout->renderNonCachedElement()
#25 /var/www/html/test/vendor/magento/framework/View/Layout.php(606): Magento\Framework\View\Layout->renderElement()
#26 /var/www/html/test/vendor/magento/framework/View/Layout.php(557): Magento\Framework\View\Layout->_renderContainer()
#27 /var/www/html/test/vendor/magento/framework/View/Layout.php(510): Magento\Framework\View\Layout->renderNonCachedElement()
#28 /var/www/html/test/vendor/magento/framework/View/Layout.php(606): Magento\Framework\View\Layout->renderElement()
#29 /var/www/html/test/vendor/magento/framework/View/Layout.php(557): Magento\Framework\View\Layout->_renderContainer()
#30 /var/www/html/test/vendor/magento/framework/View/Layout.php(510): Magento\Framework\View\Layout->renderNonCachedElement()
#31 /var/www/html/test/vendor/magento/framework/View/Layout.php(606): Magento\Framework\View\Layout->renderElement()
#32 /var/www/html/test/vendor/magento/framework/View/Layout.php(557): Magento\Framework\View\Layout->_renderContainer()
#33 /var/www/html/test/vendor/magento/framework/View/Layout.php(510): Magento\Framework\View\Layout->renderNonCachedElement()
#34 /var/www/html/test/vendor/magento/framework/View/Layout.php(606): Magento\Framework\View\Layout->renderElement()
#35 /var/www/html/test/vendor/magento/framework/View/Layout.php(557): Magento\Framework\View\Layout->_renderContainer()
#36 /var/www/html/test/vendor/magento/framework/View/Layout.php(510): Magento\Framework\View\Layout->renderNonCachedElement()
#37 /var/www/html/test/vendor/magento/framework/View/Layout.php(606): Magento\Framework\View\Layout->renderElement()
#38 /var/www/html/test/vendor/magento/framework/View/Layout.php(557): Magento\Framework\View\Layout->_renderContainer()
#39 /var/www/html/test/vendor/magento/framework/View/Layout.php(510): Magento\Framework\View\Layout->renderNonCachedElement()
#40 /var/www/html/test/vendor/magento/framework/View/Layout.php(975): Magento\Framework\View\Layout->renderElement()
#41 /var/www/html/test/generated/code/Magento/Framework/View/Layout/Interceptor.php(41): Magento\Framework\View\Layout->getOutput()
#42 /var/www/html/test/vendor/magento/framework/View/Result/Page.php(260): Magento\Framework\View\Layout\Interceptor->getOutput()
#43 /var/www/html/test/vendor/magento/framework/View/Result/Layout.php(171): Magento\Framework\View\Result\Page->render()
#44 /var/www/html/test/generated/code/Magento/Backend/Model/View/Result/Page/Interceptor.php(32): Magento\Framework\View\Result\Layout->renderResult()
#45 /var/www/html/test/vendor/magento/framework/App/Http.php(120): Magento\Backend\Model\View\Result\Page\Interceptor->renderResult()
#46 /var/www/html/test/vendor/magento/framework/Interception/Interceptor.php(58): Magento\Framework\App\Http->launch()
#47 /var/www/html/test/vendor/magento/framework/Interception/Interceptor.php(138): Magento\Framework\App\Http\Interceptor->___callParent()
#48 /var/www/html/test/vendor/magento/module-application-performance-monitor/Plugin/ApplicationPerformanceMonitor.php(38): Magento\Framework\App\Http\Interceptor->Magento\Framework\Interception\{closure}()
#49 /var/www/html/test/vendor/magento/framework/Interception/Interceptor.php(135): Magento\ApplicationPerformanceMonitor\Plugin\ApplicationPerformanceMonitor->aroundLaunch()
#50 /var/www/html/test/vendor/magento/framework/Interception/Interceptor.php(153): Magento\Framework\App\Http\Interceptor->Magento\Framework\Interception\{closure}()
#51 /var/www/html/test/generated/code/Magento/Framework/App/Http/Interceptor.php(23): Magento\Framework\App\Http\Interceptor->___callPlugins()
#52 /var/www/html/test/vendor/magento/framework/App/Bootstrap.php(264): Magento\Framework\App\Http\Interceptor->launch()
#53 /var/www/html/test/pub/index.php(30): Magento\Framework\App\Bootstrap->run()
#54 {main} {"exception":"[object] (Exception(code: 0): Not registered handle customer_group_listing_data_source at /var/www/html/test/vendor/magento/framework/View/Element/UiComponent/DataProvider/CollectionFactory.php:49)"} []
[2026-07-04T05:49:44.081724+00:00] main.CRITICAL: Exception: Not registered handle customer_online_grid_data_source in /var/www/html/test/vendor/magento/framework/View/Element/UiComponent/DataProvider/CollectionFactory.php:49
Stack trace:
#0 /var/www/html/test/vendor/magento/framework/View/Element/UiComponent/DataProvider/Reporting.php(45): Magento\Framework\View\Element\UiComponent\DataProvider\CollectionFactory->getReport()
#1 /var/www/html/test/vendor/magento/framework/View/Element/UiComponent/DataProvider/DataProvider.php(317): Magento\Framework\View\Element\UiComponent\DataProvider\Reporting->search()
#2 /var/www/html/test/vendor/magento/framework/View/Element/UiComponent/DataProvider/DataProvider.php(286): Magento\Framework\View\Element\UiComponent\DataProvider\DataProvider->getSearchResult()
#3 /var/www/html/test/vendor/magento/module-ui/Component/Listing.php(38): Magento\Framework\View\Element\UiComponent\DataProvider\DataProvider->getData()
#4 /var/www/html/test/vendor/magento/framework/View/Element/UiComponent/Context.php(250): Magento\Ui\Component\Listing->getDataSourceData()
#5 /var/www/html/test/vendor/magento/framework/View/Layout/Generic.php(75): Magento\Framework\View\Element\UiComponent\Context->getDataSourceData()
#6 /var/www/html/test/vendor/magento/framework/View/Layout/Generator/Structure.php(46): Magento\Framework\View\Layout\Generic->build()
#7 /var/www/html/test/vendor/magento/module-ui/TemplateEngine/Xhtml/Result.php(102): Magento\Framework\View\Layout\Generator\Structure->generate()
#8 /var/www/html/test/vendor/magento/module-ui/TemplateEngine/Xhtml/Result.php(124): Magento\Ui\TemplateEngine\Xhtml\Result->appendLayoutConfiguration()
#9 /var/www/html/test/vendor/magento/module-ui/Component/Wrapper/UiComponent.php(73): Magento\Ui\TemplateEngine\Xhtml\Result->__toString()
#10 /var/www/html/test/vendor/magento/framework/View/Element/AbstractBlock.php(1128): Magento\Ui\Component\Wrapper\UiComponent->_toHtml()
#11 /var/www/html/test/vendor/magento/framework/View/Element/AbstractBlock.php(1132): Magento\Framework\View\Element\AbstractBlock->Magento\Framework\View\Element\{closure}()
#12 /var/www/html/test/vendor/magento/framework/View/Element/AbstractBlock.php(676): Magento\Framework\View\Element\AbstractBlock->_loadCache()
#13 /var/www/html/test/vendor/magento/framework/View/Layout.php(591): Magento\Framework\View\Element\AbstractBlock->toHtml()
#14 /var/www/html/test/vendor/magento/framework/View/Layout.php(553): Magento\Framework\View\Layout->_renderUiComponent()
#15 /var/www/html/test/vendor/magento/framework/View/Layout.php(510): Magento\Framework\View\Layout->renderNonCachedElement()
#16 /var/www/html/test/vendor/magento/framework/View/Layout.php(606): Magento\Framework\View\Layout->renderElement()
#17 /var/www/html/test/vendor/magento/framework/View/Layout.php(557): Magento\Framework\View\Layout->_renderContainer()
#18 /var/www/html/test/vendor/magento/framework/View/Layout.php(510): Magento\Framework\View\Layout->renderNonCachedElement()
#19 /var/www/html/test/vendor/magento/framework/View/Layout.php(606): Magento\Framework\View\Layout->renderElement()
#20 /var/www/html/test/vendor/magento/framework/View/Layout.php(557): Magento\Framework\View\Layout->_renderContainer()
#21 /var/www/html/test/vendor/magento/framework/View/Layout.php(510): Magento\Framework\View\Layout->renderNonCachedElement()
#22 /var/www/html/test/vendor/magento/framework/View/Layout.php(606): Magento\Framework\View\Layout->renderElement()
#23 /var/www/html/test/vendor/magento/framework/View/Layout.php(557): Magento\Framework\View\Layout->_renderContainer()
#24 /var/www/html/test/vendor/magento/framework/View/Layout.php(510): Magento\Framework\View\Layout->renderNonCachedElement()
#25 /var/www/html/test/vendor/magento/framework/View/Layout.php(606): Magento\Framework\View\Layout->renderElement()
#26 /var/www/html/test/vendor/magento/framework/View/Layout.php(557): Magento\Framework\View\Layout->_renderContainer()
#27 /var/www/html/test/vendor/magento/framework/View/Layout.php(510): Magento\Framework\View\Layout->renderNonCachedElement()
#28 /var/www/html/test/vendor/magento/framework/View/Layout.php(606): Magento\Framework\View\Layout->renderElement()
#29 /var/www/html/test/vendor/magento/framework/View/Layout.php(557): Magento\Framework\View\Layout->_renderContainer()
#30 /var/www/html/test/vendor/magento/framework/View/Layout.php(510): Magento\Framework\View\Layout->renderNonCachedElement()
#31 /var/www/html/test/vendor/magento/framework/View/Layout.php(606): Magento\Framework\View\Layout->renderElement()
#32 /var/www/html/test/vendor/magento/framework/View/Layout.php(557): Magento\Framework\View\Layout->_renderContainer()
#33 /var/www/html/test/vendor/magento/framework/View/Layout.php(510): Magento\Framework\View\Layout->renderNonCachedElement()
#34 /var/www/html/test/vendor/magento/framework/View/Layout.php(606): Magento\Framework\View\Layout->renderElement()
#35 /var/www/html/test/vendor/magento/framework/View/Layout.php(557): Magento\Framework\View\Layout->_renderContainer()
#36 /var/www/html/test/vendor/magento/framework/View/Layout.php(510): Magento\Framework\View\Layout->renderNonCachedElement()
#37 /var/www/html/test/vendor/magento/framework/View/Layout.php(606): Magento\Framework\View\Layout->renderElement()
#38 /var/www/html/test/vendor/magento/framework/View/Layout.php(557): Magento\Framework\View\Layout->_renderContainer()
#39 /var/www/html/test/vendor/magento/framework/View/Layout.php(510): Magento\Framework\View\Layout->renderNonCachedElement()
#40 /var/www/html/test/vendor/magento/framework/View/Layout.php(975): Magento\Framework\View\Layout->renderElement()
#41 /var/www/html/test/generated/code/Magento/Framework/View/Layout/Interceptor.php(41): Magento\Framework\View\Layout->getOutput()
#42 /var/www/html/test/vendor/magento/framework/View/Result/Page.php(260): Magento\Framework\View\Layout\Interceptor->getOutput()
#43 /var/www/html/test/vendor/magento/framework/View/Result/Layout.php(171): Magento\Framework\View\Result\Page->render()
#44 /var/www/html/test/generated/code/Magento/Backend/Model/View/Result/Page/Interceptor.php(32): Magento\Framework\View\Result\Layout->renderResult()
#45 /var/www/html/test/vendor/magento/framework/App/Http.php(120): Magento\Backend\Model\View\Result\Page\Interceptor->renderResult()
#46 /var/www/html/test/vendor/magento/framework/Interception/Interceptor.php(58): Magento\Framework\App\Http->launch()
#47 /var/www/html/test/vendor/magento/framework/Interception/Interceptor.php(138): Magento\Framework\App\Http\Interceptor->___callParent()
#48 /var/www/html/test/vendor/magento/module-application-performance-monitor/Plugin/ApplicationPerformanceMonitor.php(38): Magento\Framework\App\Http\Interceptor->Magento\Framework\Interception\{closure}()
#49 /var/www/html/test/vendor/magento/framework/Interception/Interceptor.php(135): Magento\ApplicationPerformanceMonitor\Plugin\ApplicationPerformanceMonitor->aroundLaunch()
#50 /var/www/html/test/vendor/magento/framework/Interception/Interceptor.php(153): Magento\Framework\App\Http\Interceptor->Magento\Framework\Interception\{closure}()
#51 /var/www/html/test/generated/code/Magento/Framework/App/Http/Interceptor.php(23): Magento\Framework\App\Http\Interceptor->___callPlugins()
#52 /var/www/html/test/vendor/magento/framework/App/Bootstrap.php(264): Magento\Framework\App\Http\Interceptor->launch()
#53 /var/www/html/test/pub/index.php(30): Magento\Framework\App\Bootstrap->run()
#54 {main} {"exception":"[object] (Exception(code: 0): Not registered handle customer_online_grid_data_source at /var/www/html/test/vendor/magento/framework/View/Element/UiComponent/DataProvider/CollectionFactory.php:49)"} []
[2026-07-04T06:10:59.024723+00:00] main.CRITICAL: Exception: Not registered handle customer_listing_data_source in /var/www/html/test/vendor/magento/framework/View/Element/UiComponent/DataProvider/CollectionFactory.php:49
Stack trace:
#0 /var/www/html/test/vendor/magento/framework/View/Element/UiComponent/DataProvider/Reporting.php(45): Magento\Framework\View\Element\UiComponent\DataProvider\CollectionFactory->getReport()
#1 /var/www/html/test/vendor/magento/framework/View/Element/UiComponent/DataProvider/DataProvider.php(317): Magento\Framework\View\Element\UiComponent\DataProvider\Reporting->search()
#2 /var/www/html/test/vendor/magento/framework/View/Element/UiComponent/DataProvider/DataProvider.php(286): Magento\Framework\View\Element\UiComponent\DataProvider\DataProvider->getSearchResult()
#3 /var/www/html/test/vendor/magento/module-customer/Ui/Component/DataProvider.php(66): Magento\Framework\View\Element\UiComponent\DataProvider\DataProvider->getData()
#4 /var/www/html/test/vendor/magento/module-ui/Component/Listing.php(38): Magento\Customer\Ui\Component\DataProvider->getData()
#5 /var/www/html/test/vendor/magento/framework/View/Element/UiComponent/Context.php(250): Magento\Ui\Component\Listing->getDataSourceData()
#6 /var/www/html/test/vendor/magento/framework/View/Layout/Generic.php(75): Magento\Framework\View\Element\UiComponent\Context->getDataSourceData()
#7 /var/www/html/test/vendor/magento/framework/View/Layout/Generator/Structure.php(46): Magento\Framework\View\Layout\Generic->build()
#8 /var/www/html/test/vendor/magento/module-ui/TemplateEngine/Xhtml/Result.php(102): Magento\Framework\View\Layout\Generator\Structure->generate()
#9 /var/www/html/test/vendor/magento/module-ui/TemplateEngine/Xhtml/Result.php(124): Magento\Ui\TemplateEngine\Xhtml\Result->appendLayoutConfiguration()
#10 /var/www/html/test/vendor/magento/module-ui/Component/Wrapper/UiComponent.php(73): Magento\Ui\TemplateEngine\Xhtml\Result->__toString()
#11 /var/www/html/test/vendor/magento/framework/View/Element/AbstractBlock.php(1128): Magento\Ui\Component\Wrapper\UiComponent->_toHtml()
#12 /var/www/html/test/vendor/magento/framework/View/Element/AbstractBlock.php(1132): Magento\Framework\View\Element\AbstractBlock->Magento\Framework\View\Element\{closure}()
#13 /var/www/html/test/vendor/magento/framework/View/Element/AbstractBlock.php(676): Magento\Framework\View\Element\AbstractBlock->_loadCache()
#14 /var/www/html/test/vendor/magento/framework/View/Layout.php(591): Magento\Framework\View\Element\AbstractBlock->toHtml()
#15 /var/www/html/test/vendor/magento/framework/View/Layout.php(553): Magento\Framework\View\Layout->_renderUiComponent()
#16 /var/www/html/test/vendor/magento/framework/View/Layout.php(510): Magento\Framework\View\Layout->renderNonCachedElement()
#17 /var/www/html/test/vendor/magento/framework/View/Layout.php(606): Magento\Framework\View\Layout->renderElement()
#18 /var/www/html/test/vendor/magento/framework/View/Layout.php(557): Magento\Framework\View\Layout->_renderContainer()
#19 /var/www/html/test/vendor/magento/framework/View/Layout.php(510): Magento\Framework\View\Layout->renderNonCachedElement()
#20 /var/www/html/test/vendor/magento/framework/View/Layout.php(606): Magento\Framework\View\Layout->renderElement()
#21 /var/www/html/test/vendor/magento/framework/View/Layout.php(557): Magento\Framework\View\Layout->_renderContainer()
#22 /var/www/html/test/vendor/magento/framework/View/Layout.php(510): Magento\Framework\View\Layout->renderNonCachedElement()
#23 /var/www/html/test/vendor/magento/framework/View/Layout.php(606): Magento\Framework\View\Layout->renderElement()
#24 /var/www/html/test/vendor/magento/framework/View/Layout.php(557): Magento\Framework\View\Layout->_renderContainer()
#25 /var/www/html/test/vendor/magento/framework/View/Layout.php(510): Magento\Framework\View\Layout->renderNonCachedElement()
#26 /var/www/html/test/vendor/magento/framework/View/Layout.php(606): Magento\Framework\View\Layout->renderElement()
#27 /var/www/html/test/vendor/magento/framework/View/Layout.php(557): Magento\Framework\View\Layout->_renderContainer()
#28 /var/www/html/test/vendor/magento/framework/View/Layout.php(510): Magento\Framework\View\Layout->renderNonCachedElement()
#29 /var/www/html/test/vendor/magento/framework/View/Layout.php(606): Magento\Framework\View\Layout->renderElement()
#30 /var/www/html/test/vendor/magento/framework/View/Layout.php(557): Magento\Framework\View\Layout->_renderContainer()
#31 /var/www/html/test/vendor/magento/framework/View/Layout.php(510): Magento\Framework\View\Layout->renderNonCachedElement()
#32 /var/www/html/test/vendor/magento/framework/View/Layout.php(606): Magento\Framework\View\Layout->renderElement()
#33 /var/www/html/test/vendor/magento/framework/View/Layout.php(557): Magento\Framework\View\Layout->_renderContainer()
#34 /var/www/html/test/vendor/magento/framework/View/Layout.php(510): Magento\Framework\View\Layout->renderNonCachedElement()
#35 /var/www/html/test/vendor/magento/framework/View/Layout.php(606): Magento\Framework\View\Layout->renderElement()
#36 /var/www/html/test/vendor/magento/framework/View/Layout.php(557): Magento\Framework\View\Layout->_renderContainer()
#37 /var/www/html/test/vendor/magento/framework/View/Layout.php(510): Magento\Framework\View\Layout->renderNonCachedElement()
#38 /var/www/html/test/vendor/magento/framework/View/Layout.php(606): Magento\Framework\View\Layout->renderElement()
#39 /var/www/html/test/vendor/magento/framework/View/Layout.php(557): Magento\Framework\View\Layout->_renderContainer()
#40 /var/www/html/test/vendor/magento/framework/View/Layout.php(510): Magento\Framework\View\Layout->renderNonCachedElement()
#41 /var/www/html/test/vendor/magento/framework/View/Layout.php(975): Magento\Framework\View\Layout->renderElement()
#42 /var/www/html/test/generated/code/Magento/Framework/View/Layout/Interceptor.php(41): Magento\Framework\View\Layout->getOutput()
#43 /var/www/html/test/vendor/magento/framework/View/Result/Page.php(260): Magento\Framework\View\Layout\Interceptor->getOutput()
#44 /var/www/html/test/vendor/magento/framework/View/Result/Layout.php(171): Magento\Framework\View\Result\Page->render()
#45 /var/www/html/test/generated/code/Magento/Backend/Model/View/Result/Page/Interceptor.php(32): Magento\Framework\View\Result\Layout->renderResult()
#46 /var/www/html/test/vendor/magento/framework/App/Http.php(120): Magento\Backend\Model\View\Result\Page\Interceptor->renderResult()
#47 /var/www/html/test/vendor/magento/framework/Interception/Interceptor.php(58): Magento\Framework\App\Http->launch()
#48 /var/www/html/test/vendor/magento/framework/Interception/Interceptor.php(138): Magento\Framework\App\Http\Interceptor->___callParent()
#49 /var/www/html/test/vendor/magento/module-application-performance-monitor/Plugin/ApplicationPerformanceMonitor.php(38): Magento\Framework\App\Http\Interceptor->Magento\Framework\Interception\{closure}()
#50 /var/www/html/test/vendor/magento/framework/Interception/Interceptor.php(135): Magento\ApplicationPerformanceMonitor\Plugin\ApplicationPerformanceMonitor->aroundLaunch()
#51 /var/www/html/test/vendor/magento/framework/Interception/Interceptor.php(153): Magento\Framework\App\Http\Interceptor->Magento\Framework\Interception\{closure}()
#52 /var/www/html/test/generated/code/Magento/Framework/App/Http/Interceptor.php(23): Magento\Framework\App\Http\Interceptor->___callPlugins()
#53 /var/www/html/test/vendor/magento/framework/App/Bootstrap.php(264): Magento\Framework\App\Http\Interceptor->launch()
#54 /var/www/html/test/pub/index.php(30): Magento\Framework\App\Bootstrap->run()
#55 {main} {"exception":"[object] (Exception(code: 0): Not registered handle customer_listing_data_source at /var/www/html/test/vendor/magento/framework/View/Element/UiComponent/DataProvider/CollectionFactory.php:49)"} []
